[19-Nov-2025 02:56:36 UTC] Automatic updates starting...
[19-Nov-2025 02:56:37 UTC]   Automatic plugin updates starting...
[19-Nov-2025 02:56:37 UTC]   Automatic plugin updates complete.
[19-Nov-2025 02:56:38 UTC] Automatic updates complete.
[19-Nov-2025 03:27:15 UTC] PHP Warning:  Undefined array key "car" in C:\laragon\www\project1\wp-content\themes\bluehost-blueprint\template-parts\vehicle-single.php on line 4
[19-Nov-2025 03:27:15 UTC] PHP Deprecated:  preg_match(): Passing null to parameter #2 ($subject) of type string is deprecated in C:\laragon\www\project1\wp-includes\formatting.php on line 1596
[19-Nov-2025 03:27:15 UTC] PHP Deprecated:  strip_tags(): Passing null to parameter #1 ($string) of type string is deprecated in C:\laragon\www\project1\wp-includes\formatting.php on line 2272
[19-Nov-2025 03:27:15 UTC] PHP Warning:  Undefined array key "car" in C:\laragon\www\project1\wp-content\themes\bluehost-blueprint\template-parts\vehicle-single.php on line 4
[19-Nov-2025 03:27:15 UTC] PHP Deprecated:  preg_match(): Passing null to parameter #2 ($subject) of type string is deprecated in C:\laragon\www\project1\wp-includes\formatting.php on line 1596
[19-Nov-2025 03:27:15 UTC] PHP Deprecated:  strip_tags(): Passing null to parameter #1 ($string) of type string is deprecated in C:\laragon\www\project1\wp-includes\formatting.php on line 2272
[19-Nov-2025 03:27:16 UTC] PHP Warning:  Undefined array key "car" in C:\laragon\www\project1\wp-content\themes\bluehost-blueprint\template-parts\vehicle-single.php on line 4
[19-Nov-2025 03:27:16 UTC] PHP Deprecated:  preg_match(): Passing null to parameter #2 ($subject) of type string is deprecated in C:\laragon\www\project1\wp-includes\formatting.php on line 1596
[19-Nov-2025 03:27:16 UTC] PHP Deprecated:  strip_tags(): Passing null to parameter #1 ($string) of type string is deprecated in C:\laragon\www\project1\wp-includes\formatting.php on line 2272
[19-Nov-2025 03:27:27 UTC] PHP Warning:  Undefined array key "car" in C:\laragon\www\project1\wp-content\themes\bluehost-blueprint\template-parts\vehicle-single.php on line 4
[19-Nov-2025 03:27:27 UTC] PHP Deprecated:  preg_match(): Passing null to parameter #2 ($subject) of type string is deprecated in C:\laragon\www\project1\wp-includes\formatting.php on line 1596
[19-Nov-2025 03:27:27 UTC] PHP Deprecated:  strip_tags(): Passing null to parameter #1 ($string) of type string is deprecated in C:\laragon\www\project1\wp-includes\formatting.php on line 2272
[19-Nov-2025 03:27:27 UTC] PHP Warning:  Undefined array key "car" in C:\laragon\www\project1\wp-content\themes\bluehost-blueprint\template-parts\vehicle-single.php on line 4
[19-Nov-2025 03:27:27 UTC] PHP Deprecated:  preg_match(): Passing null to parameter #2 ($subject) of type string is deprecated in C:\laragon\www\project1\wp-includes\formatting.php on line 1596
[19-Nov-2025 03:27:27 UTC] PHP Deprecated:  strip_tags(): Passing null to parameter #1 ($string) of type string is deprecated in C:\laragon\www\project1\wp-includes\formatting.php on line 2272
[19-Nov-2025 03:27:38 UTC] PHP Warning:  Undefined array key "car" in C:\laragon\www\project1\wp-content\themes\bluehost-blueprint\template-parts\vehicle-single.php on line 4
[19-Nov-2025 03:27:38 UTC] PHP Deprecated:  preg_match(): Passing null to parameter #2 ($subject) of type string is deprecated in C:\laragon\www\project1\wp-includes\formatting.php on line 1596
[19-Nov-2025 03:27:38 UTC] PHP Deprecated:  strip_tags(): Passing null to parameter #1 ($string) of type string is deprecated in C:\laragon\www\project1\wp-includes\formatting.php on line 2272
[19-Nov-2025 03:27:38 UTC] PHP Warning:  Undefined array key "car" in C:\laragon\www\project1\wp-content\themes\bluehost-blueprint\template-parts\vehicle-single.php on line 4
[19-Nov-2025 03:27:38 UTC] PHP Deprecated:  preg_match(): Passing null to parameter #2 ($subject) of type string is deprecated in C:\laragon\www\project1\wp-includes\formatting.php on line 1596
[19-Nov-2025 03:27:38 UTC] PHP Deprecated:  strip_tags(): Passing null to parameter #1 ($string) of type string is deprecated in C:\laragon\www\project1\wp-includes\formatting.php on line 2272
[19-Nov-2025 03:27:41 UTC] PHP Warning:  Undefined array key "car" in C:\laragon\www\project1\wp-content\themes\bluehost-blueprint\template-parts\vehicle-single.php on line 4
[19-Nov-2025 03:27:41 UTC] PHP Deprecated:  preg_match(): Passing null to parameter #2 ($subject) of type string is deprecated in C:\laragon\www\project1\wp-includes\formatting.php on line 1596
[19-Nov-2025 03:27:41 UTC] PHP Deprecated:  strip_tags(): Passing null to parameter #1 ($string) of type string is deprecated in C:\laragon\www\project1\wp-includes\formatting.php on line 2272
[19-Nov-2025 03:27:55 UTC] PHP Warning:  Undefined array key "car" in C:\laragon\www\project1\wp-content\themes\bluehost-blueprint\template-parts\vehicle-single.php on line 4
[19-Nov-2025 03:27:55 UTC] PHP Deprecated:  preg_match(): Passing null to parameter #2 ($subject) of type string is deprecated in C:\laragon\www\project1\wp-includes\formatting.php on line 1596
[19-Nov-2025 03:27:55 UTC] PHP Deprecated:  strip_tags(): Passing null to parameter #1 ($string) of type string is deprecated in C:\laragon\www\project1\wp-includes\formatting.php on line 2272
[19-Nov-2025 03:27:55 UTC] PHP Warning:  Undefined array key "car" in C:\laragon\www\project1\wp-content\themes\bluehost-blueprint\template-parts\vehicle-single.php on line 4
[19-Nov-2025 03:27:55 UTC] PHP Deprecated:  preg_match(): Passing null to parameter #2 ($subject) of type string is deprecated in C:\laragon\www\project1\wp-includes\formatting.php on line 1596
[19-Nov-2025 03:27:55 UTC] PHP Deprecated:  strip_tags(): Passing null to parameter #1 ($string) of type string is deprecated in C:\laragon\www\project1\wp-includes\formatting.php on line 2272
[19-Nov-2025 03:27:56 UTC] PHP Warning:  Undefined array key "car" in C:\laragon\www\project1\wp-content\themes\bluehost-blueprint\template-parts\vehicle-single.php on line 4
[19-Nov-2025 03:27:56 UTC] PHP Deprecated:  preg_match(): Passing null to parameter #2 ($subject) of type string is deprecated in C:\laragon\www\project1\wp-includes\formatting.php on line 1596
[19-Nov-2025 03:27:56 UTC] PHP Deprecated:  strip_tags(): Passing null to parameter #1 ($string) of type string is deprecated in C:\laragon\www\project1\wp-includes\formatting.php on line 2272
[19-Nov-2025 03:28:11 UTC] PHP Warning:  Undefined array key "car" in C:\laragon\www\project1\wp-content\themes\bluehost-blueprint\template-parts\vehicle-single.php on line 4
[19-Nov-2025 03:28:11 UTC] PHP Deprecated:  preg_match(): Passing null to parameter #2 ($subject) of type string is deprecated in C:\laragon\www\project1\wp-includes\formatting.php on line 1596
[19-Nov-2025 03:28:11 UTC] PHP Deprecated:  strip_tags(): Passing null to parameter #1 ($string) of type string is deprecated in C:\laragon\www\project1\wp-includes\formatting.php on line 2272
[19-Nov-2025 03:28:37 UTC] PHP Warning:  Undefined array key "slug" in C:\laragon\www\project1\wp-content\themes\bluehost-blueprint\template-parts\vehicle-single.php on line 4
[19-Nov-2025 03:28:37 UTC] PHP Deprecated:  preg_match(): Passing null to parameter #2 ($subject) of type string is deprecated in C:\laragon\www\project1\wp-includes\formatting.php on line 1596
[19-Nov-2025 03:28:37 UTC] PHP Deprecated:  strip_tags(): Passing null to parameter #1 ($string) of type string is deprecated in C:\laragon\www\project1\wp-includes\formatting.php on line 2272
[19-Nov-2025 03:28:37 UTC] PHP Warning:  Undefined array key "slug" in C:\laragon\www\project1\wp-content\themes\bluehost-blueprint\template-parts\vehicle-single.php on line 4
[19-Nov-2025 03:28:37 UTC] PHP Deprecated:  preg_match(): Passing null to parameter #2 ($subject) of type string is deprecated in C:\laragon\www\project1\wp-includes\formatting.php on line 1596
[19-Nov-2025 03:28:37 UTC] PHP Deprecated:  strip_tags(): Passing null to parameter #1 ($string) of type string is deprecated in C:\laragon\www\project1\wp-includes\formatting.php on line 2272
[19-Nov-2025 03:28:49 UTC] PHP Warning:  Undefined array key "slug" in C:\laragon\www\project1\wp-content\themes\bluehost-blueprint\template-parts\vehicle-single.php on line 4
[19-Nov-2025 03:28:49 UTC] PHP Deprecated:  preg_match(): Passing null to parameter #2 ($subject) of type string is deprecated in C:\laragon\www\project1\wp-includes\formatting.php on line 1596
[19-Nov-2025 03:28:49 UTC] PHP Deprecated:  strip_tags(): Passing null to parameter #1 ($string) of type string is deprecated in C:\laragon\www\project1\wp-includes\formatting.php on line 2272
[19-Nov-2025 03:28:54 UTC] PHP Warning:  Undefined array key "slug" in C:\laragon\www\project1\wp-content\themes\bluehost-blueprint\template-parts\vehicle-single.php on line 4
[19-Nov-2025 03:28:54 UTC] PHP Deprecated:  preg_match(): Passing null to parameter #2 ($subject) of type string is deprecated in C:\laragon\www\project1\wp-includes\formatting.php on line 1596
[19-Nov-2025 03:28:54 UTC] PHP Deprecated:  strip_tags(): Passing null to parameter #1 ($string) of type string is deprecated in C:\laragon\www\project1\wp-includes\formatting.php on line 2272
[19-Nov-2025 03:29:37 UTC] PHP Warning:  Undefined array key "slug" in C:\laragon\www\project1\wp-content\themes\bluehost-blueprint\template-parts\vehicle-single.php on line 4
[19-Nov-2025 03:29:37 UTC] PHP Deprecated:  preg_match(): Passing null to parameter #2 ($subject) of type string is deprecated in C:\laragon\www\project1\wp-includes\formatting.php on line 1596
[19-Nov-2025 03:29:37 UTC] PHP Deprecated:  strip_tags(): Passing null to parameter #1 ($string) of type string is deprecated in C:\laragon\www\project1\wp-includes\formatting.php on line 2272
[19-Nov-2025 03:29:44 UTC] PHP Warning:  Undefined array key "slug" in C:\laragon\www\project1\wp-content\themes\bluehost-blueprint\template-parts\vehicle-single.php on line 4
[19-Nov-2025 03:29:44 UTC] PHP Deprecated:  preg_match(): Passing null to parameter #2 ($subject) of type string is deprecated in C:\laragon\www\project1\wp-includes\formatting.php on line 1596
[19-Nov-2025 03:29:44 UTC] PHP Deprecated:  strip_tags(): Passing null to parameter #1 ($string) of type string is deprecated in C:\laragon\www\project1\wp-includes\formatting.php on line 2272
[19-Nov-2025 03:29:44 UTC] PHP Warning:  Undefined array key "slug" in C:\laragon\www\project1\wp-content\themes\bluehost-blueprint\template-parts\vehicle-single.php on line 4
[19-Nov-2025 03:29:44 UTC] PHP Deprecated:  preg_match(): Passing null to parameter #2 ($subject) of type string is deprecated in C:\laragon\www\project1\wp-includes\formatting.php on line 1596
[19-Nov-2025 03:29:44 UTC] PHP Deprecated:  strip_tags(): Passing null to parameter #1 ($string) of type string is deprecated in C:\laragon\www\project1\wp-includes\formatting.php on line 2272
[19-Nov-2025 03:29:48 UTC] PHP Warning:  Undefined array key "slug" in C:\laragon\www\project1\wp-content\themes\bluehost-blueprint\template-parts\vehicle-single.php on line 4
[19-Nov-2025 03:29:48 UTC] PHP Deprecated:  preg_match(): Passing null to parameter #2 ($subject) of type string is deprecated in C:\laragon\www\project1\wp-includes\formatting.php on line 1596
[19-Nov-2025 03:29:48 UTC] PHP Deprecated:  strip_tags(): Passing null to parameter #1 ($string) of type string is deprecated in C:\laragon\www\project1\wp-includes\formatting.php on line 2272
[19-Nov-2025 03:29:48 UTC] PHP Warning:  Undefined array key "slug" in C:\laragon\www\project1\wp-content\themes\bluehost-blueprint\template-parts\vehicle-single.php on line 4
[19-Nov-2025 03:29:48 UTC] PHP Deprecated:  preg_match(): Passing null to parameter #2 ($subject) of type string is deprecated in C:\laragon\www\project1\wp-includes\formatting.php on line 1596
[19-Nov-2025 03:29:48 UTC] PHP Deprecated:  strip_tags(): Passing null to parameter #1 ($string) of type string is deprecated in C:\laragon\www\project1\wp-includes\formatting.php on line 2272
[19-Nov-2025 03:29:51 UTC] PHP Warning:  Undefined array key "slug" in C:\laragon\www\project1\wp-content\themes\bluehost-blueprint\template-parts\vehicle-single.php on line 4
[19-Nov-2025 03:29:51 UTC] PHP Deprecated:  preg_match(): Passing null to parameter #2 ($subject) of type string is deprecated in C:\laragon\www\project1\wp-includes\formatting.php on line 1596
[19-Nov-2025 03:29:51 UTC] PHP Deprecated:  strip_tags(): Passing null to parameter #1 ($string) of type string is deprecated in C:\laragon\www\project1\wp-includes\formatting.php on line 2272
[19-Nov-2025 03:29:57 UTC] PHP Warning:  Undefined array key "slug" in C:\laragon\www\project1\wp-content\themes\bluehost-blueprint\template-parts\vehicle-single.php on line 4
[19-Nov-2025 03:29:57 UTC] PHP Deprecated:  preg_match(): Passing null to parameter #2 ($subject) of type string is deprecated in C:\laragon\www\project1\wp-includes\formatting.php on line 1596
[19-Nov-2025 03:29:57 UTC] PHP Deprecated:  strip_tags(): Passing null to parameter #1 ($string) of type string is deprecated in C:\laragon\www\project1\wp-includes\formatting.php on line 2272
[19-Nov-2025 03:29:57 UTC] PHP Warning:  Undefined array key "slug" in C:\laragon\www\project1\wp-content\themes\bluehost-blueprint\template-parts\vehicle-single.php on line 4
[19-Nov-2025 03:29:57 UTC] PHP Deprecated:  preg_match(): Passing null to parameter #2 ($subject) of type string is deprecated in C:\laragon\www\project1\wp-includes\formatting.php on line 1596
[19-Nov-2025 03:29:57 UTC] PHP Deprecated:  strip_tags(): Passing null to parameter #1 ($string) of type string is deprecated in C:\laragon\www\project1\wp-includes\formatting.php on line 2272
[19-Nov-2025 03:29:59 UTC] PHP Warning:  Undefined array key "slug" in C:\laragon\www\project1\wp-content\themes\bluehost-blueprint\template-parts\vehicle-single.php on line 4
[19-Nov-2025 03:29:59 UTC] PHP Deprecated:  preg_match(): Passing null to parameter #2 ($subject) of type string is deprecated in C:\laragon\www\project1\wp-includes\formatting.php on line 1596
[19-Nov-2025 03:29:59 UTC] PHP Deprecated:  strip_tags(): Passing null to parameter #1 ($string) of type string is deprecated in C:\laragon\www\project1\wp-includes\formatting.php on line 2272
[19-Nov-2025 03:30:22 UTC] PHP Warning:  Undefined array key "slug" in C:\laragon\www\project1\wp-content\themes\bluehost-blueprint\template-parts\vehicle-single.php on line 4
[19-Nov-2025 03:30:22 UTC] PHP Deprecated:  preg_match(): Passing null to parameter #2 ($subject) of type string is deprecated in C:\laragon\www\project1\wp-includes\formatting.php on line 1596
[19-Nov-2025 03:30:22 UTC] PHP Deprecated:  strip_tags(): Passing null to parameter #1 ($string) of type string is deprecated in C:\laragon\www\project1\wp-includes\formatting.php on line 2272
[19-Nov-2025 03:31:14 UTC] PHP Warning:  Undefined array key "slug" in C:\laragon\www\project1\wp-content\themes\bluehost-blueprint\template-parts\vehicle-single.php on line 4
[19-Nov-2025 03:31:14 UTC] PHP Deprecated:  preg_match(): Passing null to parameter #2 ($subject) of type string is deprecated in C:\laragon\www\project1\wp-includes\formatting.php on line 1596
[19-Nov-2025 03:31:14 UTC] PHP Deprecated:  strip_tags(): Passing null to parameter #1 ($string) of type string is deprecated in C:\laragon\www\project1\wp-includes\formatting.php on line 2272
[19-Nov-2025 03:33:21 UTC] PHP Warning:  Undefined array key "slug" in C:\laragon\www\project1\wp-content\themes\bluehost-blueprint\template-parts\vehicle-single.php on line 4
[19-Nov-2025 03:33:21 UTC] PHP Deprecated:  preg_match(): Passing null to parameter #2 ($subject) of type string is deprecated in C:\laragon\www\project1\wp-includes\formatting.php on line 1596
[19-Nov-2025 03:33:21 UTC] PHP Deprecated:  strip_tags(): Passing null to parameter #1 ($string) of type string is deprecated in C:\laragon\www\project1\wp-includes\formatting.php on line 2272
[19-Nov-2025 03:33:26 UTC] PHP Warning:  Undefined array key "slug" in C:\laragon\www\project1\wp-content\themes\bluehost-blueprint\template-parts\vehicle-single.php on line 4
[19-Nov-2025 03:33:26 UTC] PHP Deprecated:  preg_match(): Passing null to parameter #2 ($subject) of type string is deprecated in C:\laragon\www\project1\wp-includes\formatting.php on line 1596
[19-Nov-2025 03:33:26 UTC] PHP Deprecated:  strip_tags(): Passing null to parameter #1 ($string) of type string is deprecated in C:\laragon\www\project1\wp-includes\formatting.php on line 2272
[19-Nov-2025 03:33:42 UTC] PHP Warning:  Undefined array key "slug" in C:\laragon\www\project1\wp-content\themes\bluehost-blueprint\template-parts\vehicle-single.php on line 4
[19-Nov-2025 03:33:42 UTC] PHP Deprecated:  preg_match(): Passing null to parameter #2 ($subject) of type string is deprecated in C:\laragon\www\project1\wp-includes\formatting.php on line 1596
[19-Nov-2025 03:33:42 UTC] PHP Deprecated:  strip_tags(): Passing null to parameter #1 ($string) of type string is deprecated in C:\laragon\www\project1\wp-includes\formatting.php on line 2272
[19-Nov-2025 03:33:47 UTC] PHP Warning:  Undefined array key "slug" in C:\laragon\www\project1\wp-content\themes\bluehost-blueprint\template-parts\vehicle-single.php on line 4
[19-Nov-2025 03:33:47 UTC] PHP Deprecated:  preg_match(): Passing null to parameter #2 ($subject) of type string is deprecated in C:\laragon\www\project1\wp-includes\formatting.php on line 1596
[19-Nov-2025 03:33:47 UTC] PHP Deprecated:  strip_tags(): Passing null to parameter #1 ($string) of type string is deprecated in C:\laragon\www\project1\wp-includes\formatting.php on line 2272
[19-Nov-2025 03:33:48 UTC] PHP Warning:  Undefined array key "slug" in C:\laragon\www\project1\wp-content\themes\bluehost-blueprint\template-parts\vehicle-single.php on line 4
[19-Nov-2025 03:33:48 UTC] PHP Deprecated:  preg_match(): Passing null to parameter #2 ($subject) of type string is deprecated in C:\laragon\www\project1\wp-includes\formatting.php on line 1596
[19-Nov-2025 03:33:48 UTC] PHP Deprecated:  strip_tags(): Passing null to parameter #1 ($string) of type string is deprecated in C:\laragon\www\project1\wp-includes\formatting.php on line 2272
[19-Nov-2025 03:33:51 UTC] PHP Warning:  Undefined array key "slug" in C:\laragon\www\project1\wp-content\themes\bluehost-blueprint\template-parts\vehicle-single.php on line 4
[19-Nov-2025 03:33:51 UTC] PHP Deprecated:  preg_match(): Passing null to parameter #2 ($subject) of type string is deprecated in C:\laragon\www\project1\wp-includes\formatting.php on line 1596
[19-Nov-2025 03:33:51 UTC] PHP Deprecated:  strip_tags(): Passing null to parameter #1 ($string) of type string is deprecated in C:\laragon\www\project1\wp-includes\formatting.php on line 2272
[19-Nov-2025 03:34:14 UTC] PHP Warning:  Undefined array key "slug" in C:\laragon\www\project1\wp-content\themes\bluehost-blueprint\template-parts\vehicle-single.php on line 4
[19-Nov-2025 03:34:14 UTC] PHP Deprecated:  preg_match(): Passing null to parameter #2 ($subject) of type string is deprecated in C:\laragon\www\project1\wp-includes\formatting.php on line 1596
[19-Nov-2025 03:34:14 UTC] PHP Deprecated:  strip_tags(): Passing null to parameter #1 ($string) of type string is deprecated in C:\laragon\www\project1\wp-includes\formatting.php on line 2272
[19-Nov-2025 03:34:14 UTC] PHP Warning:  Undefined array key "slug" in C:\laragon\www\project1\wp-content\themes\bluehost-blueprint\template-parts\vehicle-single.php on line 4
[19-Nov-2025 03:34:14 UTC] PHP Deprecated:  preg_match(): Passing null to parameter #2 ($subject) of type string is deprecated in C:\laragon\www\project1\wp-includes\formatting.php on line 1596
[19-Nov-2025 03:34:14 UTC] PHP Deprecated:  strip_tags(): Passing null to parameter #1 ($string) of type string is deprecated in C:\laragon\www\project1\wp-includes\formatting.php on line 2272
[19-Nov-2025 03:34:18 UTC] PHP Warning:  Undefined array key "slug" in C:\laragon\www\project1\wp-content\themes\bluehost-blueprint\template-parts\vehicle-single.php on line 4
[19-Nov-2025 03:34:18 UTC] PHP Deprecated:  preg_match(): Passing null to parameter #2 ($subject) of type string is deprecated in C:\laragon\www\project1\wp-includes\formatting.php on line 1596
[19-Nov-2025 03:34:18 UTC] PHP Deprecated:  strip_tags(): Passing null to parameter #1 ($string) of type string is deprecated in C:\laragon\www\project1\wp-includes\formatting.php on line 2272
[19-Nov-2025 03:37:16 UTC] PHP Warning:  Undefined array key "slug" in C:\laragon\www\project1\wp-content\themes\bluehost-blueprint\template-parts\vehicle-single.php on line 4
[19-Nov-2025 03:37:16 UTC] PHP Deprecated:  preg_match(): Passing null to parameter #2 ($subject) of type string is deprecated in C:\laragon\www\project1\wp-includes\formatting.php on line 1596
[19-Nov-2025 03:37:16 UTC] PHP Deprecated:  strip_tags(): Passing null to parameter #1 ($string) of type string is deprecated in C:\laragon\www\project1\wp-includes\formatting.php on line 2272
[19-Nov-2025 03:38:07 UTC] PHP Warning:  Undefined array key "slug" in C:\laragon\www\project1\wp-content\themes\bluehost-blueprint\template-parts\vehicle-single.php on line 4
[19-Nov-2025 03:38:07 UTC] PHP Deprecated:  preg_match(): Passing null to parameter #2 ($subject) of type string is deprecated in C:\laragon\www\project1\wp-includes\formatting.php on line 1596
[19-Nov-2025 03:38:07 UTC] PHP Deprecated:  strip_tags(): Passing null to parameter #1 ($string) of type string is deprecated in C:\laragon\www\project1\wp-includes\formatting.php on line 2272
[19-Nov-2025 03:38:07 UTC] PHP Warning:  Undefined array key "slug" in C:\laragon\www\project1\wp-content\themes\bluehost-blueprint\template-parts\vehicle-single.php on line 4
[19-Nov-2025 03:38:07 UTC] PHP Deprecated:  preg_match(): Passing null to parameter #2 ($subject) of type string is deprecated in C:\laragon\www\project1\wp-includes\formatting.php on line 1596
[19-Nov-2025 03:38:07 UTC] PHP Deprecated:  strip_tags(): Passing null to parameter #1 ($string) of type string is deprecated in C:\laragon\www\project1\wp-includes\formatting.php on line 2272
[19-Nov-2025 03:38:07 UTC] PHP Warning:  Undefined array key "slug" in C:\laragon\www\project1\wp-content\themes\bluehost-blueprint\template-parts\vehicle-single.php on line 4
[19-Nov-2025 03:38:07 UTC] PHP Deprecated:  preg_match(): Passing null to parameter #2 ($subject) of type string is deprecated in C:\laragon\www\project1\wp-includes\formatting.php on line 1596
[19-Nov-2025 03:38:07 UTC] PHP Deprecated:  strip_tags(): Passing null to parameter #1 ($string) of type string is deprecated in C:\laragon\www\project1\wp-includes\formatting.php on line 2272
[19-Nov-2025 03:38:07 UTC] PHP Warning:  Undefined array key "slug" in C:\laragon\www\project1\wp-content\themes\bluehost-blueprint\template-parts\vehicle-single.php on line 4
[19-Nov-2025 03:38:07 UTC] PHP Deprecated:  preg_match(): Passing null to parameter #2 ($subject) of type string is deprecated in C:\laragon\www\project1\wp-includes\formatting.php on line 1596
[19-Nov-2025 03:38:07 UTC] PHP Deprecated:  strip_tags(): Passing null to parameter #1 ($string) of type string is deprecated in C:\laragon\www\project1\wp-includes\formatting.php on line 2272
[19-Nov-2025 03:38:08 UTC] PHP Warning:  Undefined array key "slug" in C:\laragon\www\project1\wp-content\themes\bluehost-blueprint\template-parts\vehicle-single.php on line 4
[19-Nov-2025 03:38:08 UTC] PHP Deprecated:  preg_match(): Passing null to parameter #2 ($subject) of type string is deprecated in C:\laragon\www\project1\wp-includes\formatting.php on line 1596
[19-Nov-2025 03:38:08 UTC] PHP Deprecated:  strip_tags(): Passing null to parameter #1 ($string) of type string is deprecated in C:\laragon\www\project1\wp-includes\formatting.php on line 2272
[19-Nov-2025 03:38:40 UTC] PHP Warning:  Undefined array key "slug" in C:\laragon\www\project1\wp-content\themes\bluehost-blueprint\template-parts\vehicle-single.php on line 4
[19-Nov-2025 03:38:40 UTC] PHP Deprecated:  preg_match(): Passing null to parameter #2 ($subject) of type string is deprecated in C:\laragon\www\project1\wp-includes\formatting.php on line 1596
[19-Nov-2025 03:38:40 UTC] PHP Deprecated:  strip_tags(): Passing null to parameter #1 ($string) of type string is deprecated in C:\laragon\www\project1\wp-includes\formatting.php on line 2272
[19-Nov-2025 03:38:40 UTC] PHP Warning:  Undefined array key "slug" in C:\laragon\www\project1\wp-content\themes\bluehost-blueprint\template-parts\vehicle-single.php on line 4
[19-Nov-2025 03:38:40 UTC] PHP Deprecated:  preg_match(): Passing null to parameter #2 ($subject) of type string is deprecated in C:\laragon\www\project1\wp-includes\formatting.php on line 1596
[19-Nov-2025 03:38:40 UTC] PHP Deprecated:  strip_tags(): Passing null to parameter #1 ($string) of type string is deprecated in C:\laragon\www\project1\wp-includes\formatting.php on line 2272
[19-Nov-2025 03:38:40 UTC] PHP Warning:  Undefined array key "slug" in C:\laragon\www\project1\wp-content\themes\bluehost-blueprint\template-parts\vehicle-single.php on line 4
[19-Nov-2025 03:38:40 UTC] PHP Deprecated:  preg_match(): Passing null to parameter #2 ($subject) of type string is deprecated in C:\laragon\www\project1\wp-includes\formatting.php on line 1596
[19-Nov-2025 03:38:40 UTC] PHP Deprecated:  strip_tags(): Passing null to parameter #1 ($string) of type string is deprecated in C:\laragon\www\project1\wp-includes\formatting.php on line 2272
[19-Nov-2025 03:38:44 UTC] PHP Warning:  Undefined array key "slug" in C:\laragon\www\project1\wp-content\themes\bluehost-blueprint\template-parts\vehicle-single.php on line 4
[19-Nov-2025 03:38:44 UTC] PHP Deprecated:  preg_match(): Passing null to parameter #2 ($subject) of type string is deprecated in C:\laragon\www\project1\wp-includes\formatting.php on line 1596
[19-Nov-2025 03:38:44 UTC] PHP Deprecated:  strip_tags(): Passing null to parameter #1 ($string) of type string is deprecated in C:\laragon\www\project1\wp-includes\formatting.php on line 2272
[19-Nov-2025 03:38:55 UTC] PHP Warning:  Undefined array key "slug" in C:\laragon\www\project1\wp-content\themes\bluehost-blueprint\template-parts\vehicle-single.php on line 4
[19-Nov-2025 03:38:55 UTC] PHP Deprecated:  preg_match(): Passing null to parameter #2 ($subject) of type string is deprecated in C:\laragon\www\project1\wp-includes\formatting.php on line 1596
[19-Nov-2025 03:38:55 UTC] PHP Deprecated:  strip_tags(): Passing null to parameter #1 ($string) of type string is deprecated in C:\laragon\www\project1\wp-includes\formatting.php on line 2272
[19-Nov-2025 03:47:17 UTC] PHP Warning:  Undefined array key "slug" in C:\laragon\www\project1\wp-content\themes\bluehost-blueprint\template-parts\vehicle-single.php on line 4
[19-Nov-2025 03:47:17 UTC] PHP Deprecated:  preg_match(): Passing null to parameter #2 ($subject) of type string is deprecated in C:\laragon\www\project1\wp-includes\formatting.php on line 1596
[19-Nov-2025 03:47:17 UTC] PHP Deprecated:  strip_tags(): Passing null to parameter #1 ($string) of type string is deprecated in C:\laragon\www\project1\wp-includes\formatting.php on line 2272
[19-Nov-2025 03:47:17 UTC] PHP Warning:  Undefined array key "slug" in C:\laragon\www\project1\wp-content\themes\bluehost-blueprint\template-parts\vehicle-single.php on line 4
[19-Nov-2025 03:47:17 UTC] PHP Deprecated:  preg_match(): Passing null to parameter #2 ($subject) of type string is deprecated in C:\laragon\www\project1\wp-includes\formatting.php on line 1596
[19-Nov-2025 03:47:17 UTC] PHP Deprecated:  strip_tags(): Passing null to parameter #1 ($string) of type string is deprecated in C:\laragon\www\project1\wp-includes\formatting.php on line 2272
[19-Nov-2025 03:47:18 UTC] PHP Warning:  Undefined array key "slug" in C:\laragon\www\project1\wp-content\themes\bluehost-blueprint\template-parts\vehicle-single.php on line 4
[19-Nov-2025 03:47:18 UTC] PHP Deprecated:  preg_match(): Passing null to parameter #2 ($subject) of type string is deprecated in C:\laragon\www\project1\wp-includes\formatting.php on line 1596
[19-Nov-2025 03:47:18 UTC] PHP Deprecated:  strip_tags(): Passing null to parameter #1 ($string) of type string is deprecated in C:\laragon\www\project1\wp-includes\formatting.php on line 2272
[19-Nov-2025 03:47:18 UTC] PHP Warning:  Undefined array key "slug" in C:\laragon\www\project1\wp-content\themes\bluehost-blueprint\template-parts\vehicle-single.php on line 4
[19-Nov-2025 03:47:18 UTC] PHP Deprecated:  preg_match(): Passing null to parameter #2 ($subject) of type string is deprecated in C:\laragon\www\project1\wp-includes\formatting.php on line 1596
[19-Nov-2025 03:47:18 UTC] PHP Deprecated:  strip_tags(): Passing null to parameter #1 ($string) of type string is deprecated in C:\laragon\www\project1\wp-includes\formatting.php on line 2272
[19-Nov-2025 03:47:29 UTC] PHP Warning:  Undefined array key "slug" in C:\laragon\www\project1\wp-content\themes\bluehost-blueprint\template-parts\vehicle-single.php on line 4
[19-Nov-2025 03:47:29 UTC] PHP Deprecated:  preg_match(): Passing null to parameter #2 ($subject) of type string is deprecated in C:\laragon\www\project1\wp-includes\formatting.php on line 1596
[19-Nov-2025 03:47:29 UTC] PHP Deprecated:  strip_tags(): Passing null to parameter #1 ($string) of type string is deprecated in C:\laragon\www\project1\wp-includes\formatting.php on line 2272
[19-Nov-2025 03:47:29 UTC] PHP Warning:  Undefined array key "slug" in C:\laragon\www\project1\wp-content\themes\bluehost-blueprint\template-parts\vehicle-single.php on line 4
[19-Nov-2025 03:47:29 UTC] PHP Deprecated:  preg_match(): Passing null to parameter #2 ($subject) of type string is deprecated in C:\laragon\www\project1\wp-includes\formatting.php on line 1596
[19-Nov-2025 03:47:29 UTC] PHP Deprecated:  strip_tags(): Passing null to parameter #1 ($string) of type string is deprecated in C:\laragon\www\project1\wp-includes\formatting.php on line 2272
[19-Nov-2025 03:47:33 UTC] PHP Warning:  Undefined array key "slug" in C:\laragon\www\project1\wp-content\themes\bluehost-blueprint\template-parts\vehicle-single.php on line 4
[19-Nov-2025 03:47:33 UTC] PHP Deprecated:  preg_match(): Passing null to parameter #2 ($subject) of type string is deprecated in C:\laragon\www\project1\wp-includes\formatting.php on line 1596
[19-Nov-2025 03:47:33 UTC] PHP Deprecated:  strip_tags(): Passing null to parameter #1 ($string) of type string is deprecated in C:\laragon\www\project1\wp-includes\formatting.php on line 2272
[19-Nov-2025 03:48:20 UTC] PHP Warning:  Undefined array key "slug" in C:\laragon\www\project1\wp-content\themes\bluehost-blueprint\template-parts\vehicle-single.php on line 4
[19-Nov-2025 03:48:20 UTC] PHP Deprecated:  preg_match(): Passing null to parameter #2 ($subject) of type string is deprecated in C:\laragon\www\project1\wp-includes\formatting.php on line 1596
[19-Nov-2025 03:48:20 UTC] PHP Deprecated:  strip_tags(): Passing null to parameter #1 ($string) of type string is deprecated in C:\laragon\www\project1\wp-includes\formatting.php on line 2272
[19-Nov-2025 03:48:20 UTC] PHP Warning:  Undefined array key "slug" in C:\laragon\www\project1\wp-content\themes\bluehost-blueprint\template-parts\vehicle-single.php on line 4
[19-Nov-2025 03:48:20 UTC] PHP Deprecated:  preg_match(): Passing null to parameter #2 ($subject) of type string is deprecated in C:\laragon\www\project1\wp-includes\formatting.php on line 1596
[19-Nov-2025 03:48:20 UTC] PHP Deprecated:  strip_tags(): Passing null to parameter #1 ($string) of type string is deprecated in C:\laragon\www\project1\wp-includes\formatting.php on line 2272
[19-Nov-2025 03:48:24 UTC] PHP Warning:  Undefined array key "slug" in C:\laragon\www\project1\wp-content\themes\bluehost-blueprint\template-parts\vehicle-single.php on line 4
[19-Nov-2025 03:48:24 UTC] PHP Deprecated:  preg_match(): Passing null to parameter #2 ($subject) of type string is deprecated in C:\laragon\www\project1\wp-includes\formatting.php on line 1596
[19-Nov-2025 03:48:24 UTC] PHP Deprecated:  strip_tags(): Passing null to parameter #1 ($string) of type string is deprecated in C:\laragon\www\project1\wp-includes\formatting.php on line 2272
[19-Nov-2025 03:49:21 UTC] PHP Warning:  Undefined array key "slug" in C:\laragon\www\project1\wp-content\themes\bluehost-blueprint\template-parts\vehicle-single.php on line 4
[19-Nov-2025 03:49:21 UTC] PHP Deprecated:  preg_match(): Passing null to parameter #2 ($subject) of type string is deprecated in C:\laragon\www\project1\wp-includes\formatting.php on line 1596
[19-Nov-2025 03:49:21 UTC] PHP Deprecated:  strip_tags(): Passing null to parameter #1 ($string) of type string is deprecated in C:\laragon\www\project1\wp-includes\formatting.php on line 2272
[19-Nov-2025 03:50:13 UTC] Automatic updates starting...
[19-Nov-2025 03:50:13 UTC]   Automatic plugin updates starting...
[19-Nov-2025 03:50:13 UTC]   Automatic plugin updates complete.
[19-Nov-2025 03:50:13 UTC] Automatic updates complete.
[19-Nov-2025 03:50:21 UTC] PHP Warning:  Undefined array key "slug" in C:\laragon\www\project1\wp-content\themes\bluehost-blueprint\template-parts\vehicle-single.php on line 4
[19-Nov-2025 03:50:21 UTC] PHP Deprecated:  preg_match(): Passing null to parameter #2 ($subject) of type string is deprecated in C:\laragon\www\project1\wp-includes\formatting.php on line 1596
[19-Nov-2025 03:50:21 UTC] PHP Deprecated:  strip_tags(): Passing null to parameter #1 ($string) of type string is deprecated in C:\laragon\www\project1\wp-includes\formatting.php on line 2272
[19-Nov-2025 03:51:09 UTC] PHP Warning:  Undefined array key "slug" in C:\laragon\www\project1\wp-content\themes\bluehost-blueprint\template-parts\vehicle-single.php on line 4
[19-Nov-2025 03:51:09 UTC] PHP Deprecated:  preg_match(): Passing null to parameter #2 ($subject) of type string is deprecated in C:\laragon\www\project1\wp-includes\formatting.php on line 1596
[19-Nov-2025 03:51:09 UTC] PHP Deprecated:  strip_tags(): Passing null to parameter #1 ($string) of type string is deprecated in C:\laragon\www\project1\wp-includes\formatting.php on line 2272
[19-Nov-2025 03:51:09 UTC] PHP Warning:  Undefined array key "slug" in C:\laragon\www\project1\wp-content\themes\bluehost-blueprint\template-parts\vehicle-single.php on line 4
[19-Nov-2025 03:51:09 UTC] PHP Deprecated:  preg_match(): Passing null to parameter #2 ($subject) of type string is deprecated in C:\laragon\www\project1\wp-includes\formatting.php on line 1596
[19-Nov-2025 03:51:09 UTC] PHP Deprecated:  strip_tags(): Passing null to parameter #1 ($string) of type string is deprecated in C:\laragon\www\project1\wp-includes\formatting.php on line 2272
[19-Nov-2025 03:51:09 UTC] PHP Warning:  Undefined array key "slug" in C:\laragon\www\project1\wp-content\themes\bluehost-blueprint\template-parts\vehicle-single.php on line 4
[19-Nov-2025 03:51:09 UTC] PHP Deprecated:  preg_match(): Passing null to parameter #2 ($subject) of type string is deprecated in C:\laragon\www\project1\wp-includes\formatting.php on line 1596
[19-Nov-2025 03:51:09 UTC] PHP Deprecated:  strip_tags(): Passing null to parameter #1 ($string) of type string is deprecated in C:\laragon\www\project1\wp-includes\formatting.php on line 2272
[19-Nov-2025 04:05:20 UTC] PHP Fatal error:  Uncaught Error: Object of class WP_Error could not be converted to string in C:\laragon\www\project1\wp-content\themes\bluehost-blueprint\template-parts\vehicle-single.php:36
Stack trace:
#0 C:\laragon\www\project1\wp-includes\template.php(812): require()
#1 C:\laragon\www\project1\wp-includes\template.php(745): load_template('C:\\laragon\\www\\...', false, Array)
#2 C:\laragon\www\project1\wp-includes\general-template.php(206): locate_template(Array, true, false, Array)
#3 C:\laragon\www\project1\wp-content\themes\bluehost-blueprint\functions.php(43): get_template_part('template-parts/...', 'single')
#4 C:\laragon\www\project1\wp-includes\shortcodes.php(434): vehicle_single_shortcode(Array, '', 'vehicle_single')
#5 [internal function]: do_shortcode_tag(Array)
#6 C:\laragon\www\project1\wp-includes\shortcodes.php(273): preg_replace_callback('/\\[(\\[?)(vehicl...', 'do_shortcode_ta...', '\n<div class="wp...')
#7 C:\laragon\www\project1\wp-includes\class-wp-hook.php(324): do_shortcode('\n<div class="wp...')
#8 C:\laragon\www\project1\wp-includes\plugin.php(205): WP_Hook->apply_filters('\n<div class="wp...', Array)
#9 C:\laragon\www\project1\wp-includes\blocks\post-content.php(50): apply_filters('the_content', '<!-- wp:columns...')
#10 C:\laragon\www\project1\wp-includes\class-wp-block.php(586): render_block_core_post_content(Array, '<!-- wp:columns...', Object(WP_Block))
#11 C:\laragon\www\project1\wp-includes\blocks.php(2359): WP_Block->render()
#12 C:\laragon\www\project1\wp-includes\blocks.php(2431): render_block(Array)
#13 C:\laragon\www\project1\wp-includes\block-template.php(291): do_blocks('<!-- wp:templat...')
#14 C:\laragon\www\project1\wp-includes\template-canvas.php(12): get_the_block_template_html()
#15 C:\laragon\www\project1\wp-includes\template-loader.php(106): include('C:\\laragon\\www\\...')
#16 C:\laragon\www\project1\wp-blog-header.php(19): require_once('C:\\laragon\\www\\...')
#17 C:\laragon\www\project1\index.php(17): require('C:\\laragon\\www\\...')
#18 {main}
  thrown in C:\laragon\www\project1\wp-content\themes\bluehost-blueprint\template-parts\vehicle-single.php on line 36
[19-Nov-2025 04:06:10 UTC] PHP Fatal error:  Uncaught Error: Object of class WP_Error could not be converted to string in C:\laragon\www\project1\wp-includes\formatting.php:1096
Stack trace:
#0 C:\laragon\www\project1\wp-includes\formatting.php(4674): wp_check_invalid_utf8(Object(WP_Error))
#1 C:\laragon\www\project1\wp-content\themes\bluehost-blueprint\template-parts\vehicle-single.php(38): esc_html(Object(WP_Error))
#2 C:\laragon\www\project1\wp-includes\template.php(812): require('C:\\laragon\\www\\...')
#3 C:\laragon\www\project1\wp-includes\template.php(745): load_template('C:\\laragon\\www\\...', false, Array)
#4 C:\laragon\www\project1\wp-includes\general-template.php(206): locate_template(Array, true, false, Array)
#5 C:\laragon\www\project1\wp-content\themes\bluehost-blueprint\functions.php(43): get_template_part('template-parts/...', 'single')
#6 C:\laragon\www\project1\wp-includes\shortcodes.php(434): vehicle_single_shortcode(Array, '', 'vehicle_single')
#7 [internal function]: do_shortcode_tag(Array)
#8 C:\laragon\www\project1\wp-includes\shortcodes.php(273): preg_replace_callback('/\\[(\\[?)(vehicl...', 'do_shortcode_ta...', '\n<div class="wp...')
#9 C:\laragon\www\project1\wp-includes\class-wp-hook.php(324): do_shortcode('\n<div class="wp...')
#10 C:\laragon\www\project1\wp-includes\plugin.php(205): WP_Hook->apply_filters('\n<div class="wp...', Array)
#11 C:\laragon\www\project1\wp-includes\blocks\post-content.php(50): apply_filters('the_content', '<!-- wp:columns...')
#12 C:\laragon\www\project1\wp-includes\class-wp-block.php(586): render_block_core_post_content(Array, '<!-- wp:columns...', Object(WP_Block))
#13 C:\laragon\www\project1\wp-includes\blocks.php(2359): WP_Block->render()
#14 C:\laragon\www\project1\wp-includes\blocks.php(2431): render_block(Array)
#15 C:\laragon\www\project1\wp-includes\block-template.php(291): do_blocks('<!-- wp:templat...')
#16 C:\laragon\www\project1\wp-includes\template-canvas.php(12): get_the_block_template_html()
#17 C:\laragon\www\project1\wp-includes\template-loader.php(106): include('C:\\laragon\\www\\...')
#18 C:\laragon\www\project1\wp-blog-header.php(19): require_once('C:\\laragon\\www\\...')
#19 C:\laragon\www\project1\index.php(17): require('C:\\laragon\\www\\...')
#20 {main}
  thrown in C:\laragon\www\project1\wp-includes\formatting.php on line 1096
[19-Nov-2025 04:13:18 UTC] PHP Fatal error:  Uncaught Error: Object of class WP_Error could not be converted to string in C:\laragon\www\project1\wp-includes\formatting.php:1096
Stack trace:
#0 C:\laragon\www\project1\wp-includes\formatting.php(4674): wp_check_invalid_utf8(Object(WP_Error))
#1 C:\laragon\www\project1\wp-content\themes\bluehost-blueprint\template-parts\vehicle-single.php(45): esc_html(Object(WP_Error))
#2 C:\laragon\www\project1\wp-includes\template.php(812): require('C:\\laragon\\www\\...')
#3 C:\laragon\www\project1\wp-includes\template.php(745): load_template('C:\\laragon\\www\\...', false, Array)
#4 C:\laragon\www\project1\wp-includes\general-template.php(206): locate_template(Array, true, false, Array)
#5 C:\laragon\www\project1\wp-content\themes\bluehost-blueprint\functions.php(43): get_template_part('template-parts/...', 'single')
#6 C:\laragon\www\project1\wp-includes\shortcodes.php(434): vehicle_single_shortcode(Array, '', 'vehicle_single')
#7 [internal function]: do_shortcode_tag(Array)
#8 C:\laragon\www\project1\wp-includes\shortcodes.php(273): preg_replace_callback('/\\[(\\[?)(vehicl...', 'do_shortcode_ta...', '\n<div class="wp...')
#9 C:\laragon\www\project1\wp-includes\class-wp-hook.php(324): do_shortcode('\n<div class="wp...')
#10 C:\laragon\www\project1\wp-includes\plugin.php(205): WP_Hook->apply_filters('\n<div class="wp...', Array)
#11 C:\laragon\www\project1\wp-includes\blocks\post-content.php(50): apply_filters('the_content', '<!-- wp:columns...')
#12 C:\laragon\www\project1\wp-includes\class-wp-block.php(586): render_block_core_post_content(Array, '<!-- wp:columns...', Object(WP_Block))
#13 C:\laragon\www\project1\wp-includes\blocks.php(2359): WP_Block->render()
#14 C:\laragon\www\project1\wp-includes\blocks.php(2431): render_block(Array)
#15 C:\laragon\www\project1\wp-includes\block-template.php(291): do_blocks('<!-- wp:templat...')
#16 C:\laragon\www\project1\wp-includes\template-canvas.php(12): get_the_block_template_html()
#17 C:\laragon\www\project1\wp-includes\template-loader.php(106): include('C:\\laragon\\www\\...')
#18 C:\laragon\www\project1\wp-blog-header.php(19): require_once('C:\\laragon\\www\\...')
#19 C:\laragon\www\project1\index.php(17): require('C:\\laragon\\www\\...')
#20 {main}
  thrown in C:\laragon\www\project1\wp-includes\formatting.php on line 1096
[19-Nov-2025 04:13:45 UTC] PHP Fatal error:  Uncaught Error: Cannot use object of type WP_Error as array in C:\laragon\www\project1\wp-content\themes\bluehost-blueprint\template-parts\vehicle-single.php:45
Stack trace:
#0 C:\laragon\www\project1\wp-includes\template.php(812): require()
#1 C:\laragon\www\project1\wp-includes\template.php(745): load_template('C:\\laragon\\www\\...', false, Array)
#2 C:\laragon\www\project1\wp-includes\general-template.php(206): locate_template(Array, true, false, Array)
#3 C:\laragon\www\project1\wp-content\themes\bluehost-blueprint\functions.php(43): get_template_part('template-parts/...', 'single')
#4 C:\laragon\www\project1\wp-includes\shortcodes.php(434): vehicle_single_shortcode(Array, '', 'vehicle_single')
#5 [internal function]: do_shortcode_tag(Array)
#6 C:\laragon\www\project1\wp-includes\shortcodes.php(273): preg_replace_callback('/\\[(\\[?)(vehicl...', 'do_shortcode_ta...', '\n<div class="wp...')
#7 C:\laragon\www\project1\wp-includes\class-wp-hook.php(324): do_shortcode('\n<div class="wp...')
#8 C:\laragon\www\project1\wp-includes\plugin.php(205): WP_Hook->apply_filters('\n<div class="wp...', Array)
#9 C:\laragon\www\project1\wp-includes\blocks\post-content.php(50): apply_filters('the_content', '<!-- wp:columns...')
#10 C:\laragon\www\project1\wp-includes\class-wp-block.php(586): render_block_core_post_content(Array, '<!-- wp:columns...', Object(WP_Block))
#11 C:\laragon\www\project1\wp-includes\blocks.php(2359): WP_Block->render()
#12 C:\laragon\www\project1\wp-includes\blocks.php(2431): render_block(Array)
#13 C:\laragon\www\project1\wp-includes\block-template.php(291): do_blocks('<!-- wp:templat...')
#14 C:\laragon\www\project1\wp-includes\template-canvas.php(12): get_the_block_template_html()
#15 C:\laragon\www\project1\wp-includes\template-loader.php(106): include('C:\\laragon\\www\\...')
#16 C:\laragon\www\project1\wp-blog-header.php(19): require_once('C:\\laragon\\www\\...')
#17 C:\laragon\www\project1\index.php(17): require('C:\\laragon\\www\\...')
#18 {main}
  thrown in C:\laragon\www\project1\wp-content\themes\bluehost-blueprint\template-parts\vehicle-single.php on line 45
[19-Nov-2025 04:13:49 UTC] PHP Fatal error:  Uncaught Error: Cannot use object of type WP_Error as array in C:\laragon\www\project1\wp-content\themes\bluehost-blueprint\template-parts\vehicle-single.php:45
Stack trace:
#0 C:\laragon\www\project1\wp-includes\template.php(812): require()
#1 C:\laragon\www\project1\wp-includes\template.php(745): load_template('C:\\laragon\\www\\...', false, Array)
#2 C:\laragon\www\project1\wp-includes\general-template.php(206): locate_template(Array, true, false, Array)
#3 C:\laragon\www\project1\wp-content\themes\bluehost-blueprint\functions.php(43): get_template_part('template-parts/...', 'single')
#4 C:\laragon\www\project1\wp-includes\shortcodes.php(434): vehicle_single_shortcode(Array, '', 'vehicle_single')
#5 [internal function]: do_shortcode_tag(Array)
#6 C:\laragon\www\project1\wp-includes\shortcodes.php(273): preg_replace_callback('/\\[(\\[?)(vehicl...', 'do_shortcode_ta...', '\n<div class="wp...')
#7 C:\laragon\www\project1\wp-includes\class-wp-hook.php(324): do_shortcode('\n<div class="wp...')
#8 C:\laragon\www\project1\wp-includes\plugin.php(205): WP_Hook->apply_filters('\n<div class="wp...', Array)
#9 C:\laragon\www\project1\wp-includes\blocks\post-content.php(50): apply_filters('the_content', '<!-- wp:columns...')
#10 C:\laragon\www\project1\wp-includes\class-wp-block.php(586): render_block_core_post_content(Array, '<!-- wp:columns...', Object(WP_Block))
#11 C:\laragon\www\project1\wp-includes\blocks.php(2359): WP_Block->render()
#12 C:\laragon\www\project1\wp-includes\blocks.php(2431): render_block(Array)
#13 C:\laragon\www\project1\wp-includes\block-template.php(291): do_blocks('<!-- wp:templat...')
#14 C:\laragon\www\project1\wp-includes\template-canvas.php(12): get_the_block_template_html()
#15 C:\laragon\www\project1\wp-includes\template-loader.php(106): include('C:\\laragon\\www\\...')
#16 C:\laragon\www\project1\wp-blog-header.php(19): require_once('C:\\laragon\\www\\...')
#17 C:\laragon\www\project1\index.php(17): require('C:\\laragon\\www\\...')
#18 {main}
  thrown in C:\laragon\www\project1\wp-content\themes\bluehost-blueprint\template-parts\vehicle-single.php on line 45
[19-Nov-2025 04:15:28 UTC] PHP Fatal error:  Uncaught Error: Cannot use object of type WP_Error as array in C:\laragon\www\project1\wp-content\themes\bluehost-blueprint\template-parts\vehicle-single.php:45
Stack trace:
#0 C:\laragon\www\project1\wp-includes\template.php(812): require()
#1 C:\laragon\www\project1\wp-includes\template.php(745): load_template('C:\\laragon\\www\\...', false, Array)
#2 C:\laragon\www\project1\wp-includes\general-template.php(206): locate_template(Array, true, false, Array)
#3 C:\laragon\www\project1\wp-content\themes\bluehost-blueprint\functions.php(43): get_template_part('template-parts/...', 'single')
#4 C:\laragon\www\project1\wp-includes\shortcodes.php(434): vehicle_single_shortcode(Array, '', 'vehicle_single')
#5 [internal function]: do_shortcode_tag(Array)
#6 C:\laragon\www\project1\wp-includes\shortcodes.php(273): preg_replace_callback('/\\[(\\[?)(vehicl...', 'do_shortcode_ta...', '\n<div class="wp...')
#7 C:\laragon\www\project1\wp-includes\class-wp-hook.php(324): do_shortcode('\n<div class="wp...')
#8 C:\laragon\www\project1\wp-includes\plugin.php(205): WP_Hook->apply_filters('\n<div class="wp...', Array)
#9 C:\laragon\www\project1\wp-includes\blocks\post-content.php(50): apply_filters('the_content', '<!-- wp:columns...')
#10 C:\laragon\www\project1\wp-includes\class-wp-block.php(586): render_block_core_post_content(Array, '<!-- wp:columns...', Object(WP_Block))
#11 C:\laragon\www\project1\wp-includes\blocks.php(2359): WP_Block->render()
#12 C:\laragon\www\project1\wp-includes\blocks.php(2431): render_block(Array)
#13 C:\laragon\www\project1\wp-includes\block-template.php(291): do_blocks('<!-- wp:templat...')
#14 C:\laragon\www\project1\wp-includes\template-canvas.php(12): get_the_block_template_html()
#15 C:\laragon\www\project1\wp-includes\template-loader.php(106): include('C:\\laragon\\www\\...')
#16 C:\laragon\www\project1\wp-blog-header.php(19): require_once('C:\\laragon\\www\\...')
#17 C:\laragon\www\project1\index.php(17): require('C:\\laragon\\www\\...')
#18 {main}
  thrown in C:\laragon\www\project1\wp-content\themes\bluehost-blueprint\template-parts\vehicle-single.php on line 45
[19-Nov-2025 04:15:29 UTC] PHP Fatal error:  Uncaught Error: Cannot use object of type WP_Error as array in C:\laragon\www\project1\wp-content\themes\bluehost-blueprint\template-parts\vehicle-single.php:45
Stack trace:
#0 C:\laragon\www\project1\wp-includes\template.php(812): require()
#1 C:\laragon\www\project1\wp-includes\template.php(745): load_template('C:\\laragon\\www\\...', false, Array)
#2 C:\laragon\www\project1\wp-includes\general-template.php(206): locate_template(Array, true, false, Array)
#3 C:\laragon\www\project1\wp-content\themes\bluehost-blueprint\functions.php(43): get_template_part('template-parts/...', 'single')
#4 C:\laragon\www\project1\wp-includes\shortcodes.php(434): vehicle_single_shortcode(Array, '', 'vehicle_single')
#5 [internal function]: do_shortcode_tag(Array)
#6 C:\laragon\www\project1\wp-includes\shortcodes.php(273): preg_replace_callback('/\\[(\\[?)(vehicl...', 'do_shortcode_ta...', '\n<div class="wp...')
#7 C:\laragon\www\project1\wp-includes\class-wp-hook.php(324): do_shortcode('\n<div class="wp...')
#8 C:\laragon\www\project1\wp-includes\plugin.php(205): WP_Hook->apply_filters('\n<div class="wp...', Array)
#9 C:\laragon\www\project1\wp-includes\blocks\post-content.php(50): apply_filters('the_content', '<!-- wp:columns...')
#10 C:\laragon\www\project1\wp-includes\class-wp-block.php(586): render_block_core_post_content(Array, '<!-- wp:columns...', Object(WP_Block))
#11 C:\laragon\www\project1\wp-includes\blocks.php(2359): WP_Block->render()
#12 C:\laragon\www\project1\wp-includes\blocks.php(2431): render_block(Array)
#13 C:\laragon\www\project1\wp-includes\block-template.php(291): do_blocks('<!-- wp:templat...')
#14 C:\laragon\www\project1\wp-includes\template-canvas.php(12): get_the_block_template_html()
#15 C:\laragon\www\project1\wp-includes\template-loader.php(106): include('C:\\laragon\\www\\...')
#16 C:\laragon\www\project1\wp-blog-header.php(19): require_once('C:\\laragon\\www\\...')
#17 C:\laragon\www\project1\index.php(17): require('C:\\laragon\\www\\...')
#18 {main}
  thrown in C:\laragon\www\project1\wp-content\themes\bluehost-blueprint\template-parts\vehicle-single.php on line 45
[19-Nov-2025 04:15:52 UTC] PHP Fatal error:  Uncaught Error: Cannot use object of type WP_Error as array in C:\laragon\www\project1\wp-content\themes\bluehost-blueprint\template-parts\vehicle-single.php:45
Stack trace:
#0 C:\laragon\www\project1\wp-includes\template.php(812): require()
#1 C:\laragon\www\project1\wp-includes\template.php(745): load_template('C:\\laragon\\www\\...', false, Array)
#2 C:\laragon\www\project1\wp-includes\general-template.php(206): locate_template(Array, true, false, Array)
#3 C:\laragon\www\project1\wp-content\themes\bluehost-blueprint\functions.php(43): get_template_part('template-parts/...', 'single')
#4 C:\laragon\www\project1\wp-includes\shortcodes.php(434): vehicle_single_shortcode(Array, '', 'vehicle_single')
#5 [internal function]: do_shortcode_tag(Array)
#6 C:\laragon\www\project1\wp-includes\shortcodes.php(273): preg_replace_callback('/\\[(\\[?)(vehicl...', 'do_shortcode_ta...', '\n<div class="wp...')
#7 C:\laragon\www\project1\wp-includes\class-wp-hook.php(324): do_shortcode('\n<div class="wp...')
#8 C:\laragon\www\project1\wp-includes\plugin.php(205): WP_Hook->apply_filters('\n<div class="wp...', Array)
#9 C:\laragon\www\project1\wp-includes\blocks\post-content.php(50): apply_filters('the_content', '<!-- wp:columns...')
#10 C:\laragon\www\project1\wp-includes\class-wp-block.php(586): render_block_core_post_content(Array, '<!-- wp:columns...', Object(WP_Block))
#11 C:\laragon\www\project1\wp-includes\blocks.php(2359): WP_Block->render()
#12 C:\laragon\www\project1\wp-includes\blocks.php(2431): render_block(Array)
#13 C:\laragon\www\project1\wp-includes\block-template.php(291): do_blocks('<!-- wp:templat...')
#14 C:\laragon\www\project1\wp-includes\template-canvas.php(12): get_the_block_template_html()
#15 C:\laragon\www\project1\wp-includes\template-loader.php(106): include('C:\\laragon\\www\\...')
#16 C:\laragon\www\project1\wp-blog-header.php(19): require_once('C:\\laragon\\www\\...')
#17 C:\laragon\www\project1\index.php(17): require('C:\\laragon\\www\\...')
#18 {main}
  thrown in C:\laragon\www\project1\wp-content\themes\bluehost-blueprint\template-parts\vehicle-single.php on line 45
[19-Nov-2025 04:16:15 UTC] PHP Fatal error:  Uncaught Error: Cannot use object of type WP_Error as array in C:\laragon\www\project1\wp-content\themes\bluehost-blueprint\template-parts\vehicle-single.php:44
Stack trace:
#0 C:\laragon\www\project1\wp-includes\template.php(812): require()
#1 C:\laragon\www\project1\wp-includes\template.php(745): load_template('C:\\laragon\\www\\...', false, Array)
#2 C:\laragon\www\project1\wp-includes\general-template.php(206): locate_template(Array, true, false, Array)
#3 C:\laragon\www\project1\wp-content\themes\bluehost-blueprint\functions.php(43): get_template_part('template-parts/...', 'single')
#4 C:\laragon\www\project1\wp-includes\shortcodes.php(434): vehicle_single_shortcode(Array, '', 'vehicle_single')
#5 [internal function]: do_shortcode_tag(Array)
#6 C:\laragon\www\project1\wp-includes\shortcodes.php(273): preg_replace_callback('/\\[(\\[?)(vehicl...', 'do_shortcode_ta...', '\n<div class="wp...')
#7 C:\laragon\www\project1\wp-includes\class-wp-hook.php(324): do_shortcode('\n<div class="wp...')
#8 C:\laragon\www\project1\wp-includes\plugin.php(205): WP_Hook->apply_filters('\n<div class="wp...', Array)
#9 C:\laragon\www\project1\wp-includes\blocks\post-content.php(50): apply_filters('the_content', '<!-- wp:columns...')
#10 C:\laragon\www\project1\wp-includes\class-wp-block.php(586): render_block_core_post_content(Array, '<!-- wp:columns...', Object(WP_Block))
#11 C:\laragon\www\project1\wp-includes\blocks.php(2359): WP_Block->render()
#12 C:\laragon\www\project1\wp-includes\blocks.php(2431): render_block(Array)
#13 C:\laragon\www\project1\wp-includes\block-template.php(291): do_blocks('<!-- wp:templat...')
#14 C:\laragon\www\project1\wp-includes\template-canvas.php(12): get_the_block_template_html()
#15 C:\laragon\www\project1\wp-includes\template-loader.php(106): include('C:\\laragon\\www\\...')
#16 C:\laragon\www\project1\wp-blog-header.php(19): require_once('C:\\laragon\\www\\...')
#17 C:\laragon\www\project1\index.php(17): require('C:\\laragon\\www\\...')
#18 {main}
  thrown in C:\laragon\www\project1\wp-content\themes\bluehost-blueprint\template-parts\vehicle-single.php on line 44
[19-Nov-2025 04:41:25 UTC] PHP Warning:  Undefined array key "slug" in C:\laragon\www\project1\wp-content\themes\bluehost-blueprint\template-parts\vehicle-single.php on line 4
[19-Nov-2025 04:41:25 UTC] PHP Deprecated:  preg_match(): Passing null to parameter #2 ($subject) of type string is deprecated in C:\laragon\www\project1\wp-includes\formatting.php on line 1596
[19-Nov-2025 04:41:25 UTC] PHP Deprecated:  strip_tags(): Passing null to parameter #1 ($string) of type string is deprecated in C:\laragon\www\project1\wp-includes\formatting.php on line 2272
[19-Nov-2025 04:41:26 UTC] PHP Warning:  Undefined array key "slug" in C:\laragon\www\project1\wp-content\themes\bluehost-blueprint\template-parts\vehicle-single.php on line 4
[19-Nov-2025 04:41:26 UTC] PHP Deprecated:  preg_match(): Passing null to parameter #2 ($subject) of type string is deprecated in C:\laragon\www\project1\wp-includes\formatting.php on line 1596
[19-Nov-2025 04:41:26 UTC] PHP Deprecated:  strip_tags(): Passing null to parameter #1 ($string) of type string is deprecated in C:\laragon\www\project1\wp-includes\formatting.php on line 2272
[19-Nov-2025 04:41:26 UTC] PHP Warning:  Undefined array key "slug" in C:\laragon\www\project1\wp-content\themes\bluehost-blueprint\template-parts\vehicle-single.php on line 4
[19-Nov-2025 04:41:26 UTC] PHP Deprecated:  preg_match(): Passing null to parameter #2 ($subject) of type string is deprecated in C:\laragon\www\project1\wp-includes\formatting.php on line 1596
[19-Nov-2025 04:41:26 UTC] PHP Deprecated:  strip_tags(): Passing null to parameter #1 ($string) of type string is deprecated in C:\laragon\www\project1\wp-includes\formatting.php on line 2272
[19-Nov-2025 04:49:08 UTC] PHP Warning:  Undefined array key "slug" in C:\laragon\www\project1\wp-content\themes\bluehost-blueprint\template-parts\vehicle-single.php on line 4
[19-Nov-2025 04:49:08 UTC] PHP Deprecated:  preg_match(): Passing null to parameter #2 ($subject) of type string is deprecated in C:\laragon\www\project1\wp-includes\formatting.php on line 1596
[19-Nov-2025 04:49:08 UTC] PHP Deprecated:  strip_tags(): Passing null to parameter #1 ($string) of type string is deprecated in C:\laragon\www\project1\wp-includes\formatting.php on line 2272
[19-Nov-2025 06:25:04 UTC] PHP Warning:  Undefined array key "slug" in C:\laragon\www\project1\wp-content\themes\bluehost-blueprint\template-parts\vehicle-single.php on line 4
[19-Nov-2025 06:25:04 UTC] PHP Deprecated:  preg_match(): Passing null to parameter #2 ($subject) of type string is deprecated in C:\laragon\www\project1\wp-includes\formatting.php on line 1596
[19-Nov-2025 06:25:04 UTC] PHP Deprecated:  strip_tags(): Passing null to parameter #1 ($string) of type string is deprecated in C:\laragon\www\project1\wp-includes\formatting.php on line 2272
[19-Nov-2025 06:29:55 UTC] PHP Warning:  Undefined array key "slug" in C:\laragon\www\project1\wp-content\themes\bluehost-blueprint\template-parts\vehicle-single.php on line 4
[19-Nov-2025 06:29:55 UTC] PHP Deprecated:  preg_match(): Passing null to parameter #2 ($subject) of type string is deprecated in C:\laragon\www\project1\wp-includes\formatting.php on line 1596
[19-Nov-2025 06:29:55 UTC] PHP Deprecated:  strip_tags(): Passing null to parameter #1 ($string) of type string is deprecated in C:\laragon\www\project1\wp-includes\formatting.php on line 2272
[19-Nov-2025 06:29:55 UTC] PHP Warning:  Undefined array key "slug" in C:\laragon\www\project1\wp-content\themes\bluehost-blueprint\template-parts\vehicle-single.php on line 4
[19-Nov-2025 06:29:55 UTC] PHP Deprecated:  preg_match(): Passing null to parameter #2 ($subject) of type string is deprecated in C:\laragon\www\project1\wp-includes\formatting.php on line 1596
[19-Nov-2025 06:29:55 UTC] PHP Deprecated:  strip_tags(): Passing null to parameter #1 ($string) of type string is deprecated in C:\laragon\www\project1\wp-includes\formatting.php on line 2272
[19-Nov-2025 06:29:55 UTC] PHP Warning:  Undefined array key "slug" in C:\laragon\www\project1\wp-content\themes\bluehost-blueprint\template-parts\vehicle-single.php on line 4
[19-Nov-2025 06:29:55 UTC] PHP Deprecated:  preg_match(): Passing null to parameter #2 ($subject) of type string is deprecated in C:\laragon\www\project1\wp-includes\formatting.php on line 1596
[19-Nov-2025 06:29:55 UTC] PHP Deprecated:  strip_tags(): Passing null to parameter #1 ($string) of type string is deprecated in C:\laragon\www\project1\wp-includes\formatting.php on line 2272
[19-Nov-2025 06:30:01 UTC] PHP Warning:  Undefined array key "slug" in C:\laragon\www\project1\wp-content\themes\bluehost-blueprint\template-parts\vehicle-single.php on line 4
[19-Nov-2025 06:30:01 UTC] PHP Deprecated:  preg_match(): Passing null to parameter #2 ($subject) of type string is deprecated in C:\laragon\www\project1\wp-includes\formatting.php on line 1596
[19-Nov-2025 06:30:01 UTC] PHP Deprecated:  strip_tags(): Passing null to parameter #1 ($string) of type string is deprecated in C:\laragon\www\project1\wp-includes\formatting.php on line 2272
[19-Nov-2025 06:30:42 UTC] PHP Warning:  Undefined array key "slug" in C:\laragon\www\project1\wp-content\themes\bluehost-blueprint\template-parts\vehicle-single.php on line 4
[19-Nov-2025 06:30:42 UTC] PHP Deprecated:  preg_match(): Passing null to parameter #2 ($subject) of type string is deprecated in C:\laragon\www\project1\wp-includes\formatting.php on line 1596
[19-Nov-2025 06:30:43 UTC] PHP Deprecated:  strip_tags(): Passing null to parameter #1 ($string) of type string is deprecated in C:\laragon\www\project1\wp-includes\formatting.php on line 2272
[19-Nov-2025 06:59:00 UTC] PHP Warning:  Undefined array key "slug" in C:\laragon\www\project1\wp-content\themes\bluehost-blueprint\template-parts\vehicle-single.php on line 4
[19-Nov-2025 06:59:00 UTC] PHP Deprecated:  preg_match(): Passing null to parameter #2 ($subject) of type string is deprecated in C:\laragon\www\project1\wp-includes\formatting.php on line 1596
[19-Nov-2025 06:59:00 UTC] PHP Deprecated:  strip_tags(): Passing null to parameter #1 ($string) of type string is deprecated in C:\laragon\www\project1\wp-includes\formatting.php on line 2272
[19-Nov-2025 07:02:52 UTC] PHP Warning:  Undefined array key "search" in C:\laragon\www\project1\wp-content\themes\bluehost-blueprint\template-parts\vehicle-list.php on line 4
[19-Nov-2025 07:02:53 UTC] PHP Warning:  Undefined array key "search" in C:\laragon\www\project1\wp-content\themes\bluehost-blueprint\template-parts\vehicle-list.php on line 4
[19-Nov-2025 07:03:14 UTC] PHP Warning:  Undefined array key "search" in C:\laragon\www\project1\wp-content\themes\bluehost-blueprint\template-parts\vehicle-list.php on line 4
[19-Nov-2025 07:03:14 UTC] PHP Warning:  Undefined array key "search" in C:\laragon\www\project1\wp-content\themes\bluehost-blueprint\template-parts\vehicle-list.php on line 4
[19-Nov-2025 07:03:15 UTC] PHP Warning:  Undefined array key "search" in C:\laragon\www\project1\wp-content\themes\bluehost-blueprint\template-parts\vehicle-list.php on line 4
[19-Nov-2025 07:03:18 UTC] PHP Warning:  Undefined array key "search" in C:\laragon\www\project1\wp-content\themes\bluehost-blueprint\template-parts\vehicle-list.php on line 4
[19-Nov-2025 07:03:18 UTC] PHP Warning:  Undefined array key "slug" in C:\laragon\www\project1\wp-content\themes\bluehost-blueprint\template-parts\vehicle-single.php on line 4
[19-Nov-2025 07:03:18 UTC] PHP Deprecated:  preg_match(): Passing null to parameter #2 ($subject) of type string is deprecated in C:\laragon\www\project1\wp-includes\formatting.php on line 1596
[19-Nov-2025 07:03:18 UTC] PHP Deprecated:  strip_tags(): Passing null to parameter #1 ($string) of type string is deprecated in C:\laragon\www\project1\wp-includes\formatting.php on line 2272
[19-Nov-2025 07:03:49 UTC] PHP Warning:  Undefined array key "keyword" in C:\laragon\www\project1\wp-content\themes\bluehost-blueprint\template-parts\vehicle-list.php on line 4
[19-Nov-2025 07:03:54 UTC] PHP Warning:  Undefined array key "search" in C:\laragon\www\project1\wp-content\themes\bluehost-blueprint\template-parts\vehicle-list.php on line 4
[19-Nov-2025 07:09:42 UTC] PHP Warning:  Undefined array key "slug" in C:\laragon\www\project1\wp-content\themes\bluehost-blueprint\template-parts\vehicle-single.php on line 4
[19-Nov-2025 07:09:42 UTC] PHP Deprecated:  preg_match(): Passing null to parameter #2 ($subject) of type string is deprecated in C:\laragon\www\project1\wp-includes\formatting.php on line 1596
[19-Nov-2025 07:09:42 UTC] PHP Deprecated:  strip_tags(): Passing null to parameter #1 ($string) of type string is deprecated in C:\laragon\www\project1\wp-includes\formatting.php on line 2272
[19-Nov-2025 07:35:10 UTC] PHP Warning:  Undefined array key "slug" in C:\laragon\www\project1\wp-content\themes\bluehost-blueprint\template-parts\vehicle-single.php on line 4
[19-Nov-2025 07:35:10 UTC] PHP Deprecated:  preg_match(): Passing null to parameter #2 ($subject) of type string is deprecated in C:\laragon\www\project1\wp-includes\formatting.php on line 1596
[19-Nov-2025 07:35:10 UTC] PHP Deprecated:  strip_tags(): Passing null to parameter #1 ($string) of type string is deprecated in C:\laragon\www\project1\wp-includes\formatting.php on line 2272
[19-Nov-2025 07:35:10 UTC] PHP Warning:  Undefined array key "slug" in C:\laragon\www\project1\wp-content\themes\bluehost-blueprint\template-parts\vehicle-single.php on line 4
[19-Nov-2025 07:35:10 UTC] PHP Deprecated:  preg_match(): Passing null to parameter #2 ($subject) of type string is deprecated in C:\laragon\www\project1\wp-includes\formatting.php on line 1596
[19-Nov-2025 07:35:10 UTC] PHP Deprecated:  strip_tags(): Passing null to parameter #1 ($string) of type string is deprecated in C:\laragon\www\project1\wp-includes\formatting.php on line 2272
[19-Nov-2025 07:35:13 UTC] PHP Warning:  Undefined array key "slug" in C:\laragon\www\project1\wp-content\themes\bluehost-blueprint\template-parts\vehicle-single.php on line 4
[19-Nov-2025 07:35:13 UTC] PHP Deprecated:  preg_match(): Passing null to parameter #2 ($subject) of type string is deprecated in C:\laragon\www\project1\wp-includes\formatting.php on line 1596
[19-Nov-2025 07:35:13 UTC] PHP Deprecated:  strip_tags(): Passing null to parameter #1 ($string) of type string is deprecated in C:\laragon\www\project1\wp-includes\formatting.php on line 2272
[19-Nov-2025 07:36:11 UTC] PHP Warning:  Undefined array key "slug" in C:\laragon\www\project1\wp-content\themes\bluehost-blueprint\template-parts\vehicle-single.php on line 4
[19-Nov-2025 07:36:11 UTC] PHP Deprecated:  preg_match(): Passing null to parameter #2 ($subject) of type string is deprecated in C:\laragon\www\project1\wp-includes\formatting.php on line 1596
[19-Nov-2025 07:36:11 UTC] PHP Deprecated:  strip_tags(): Passing null to parameter #1 ($string) of type string is deprecated in C:\laragon\www\project1\wp-includes\formatting.php on line 2272
[19-Nov-2025 07:36:34 UTC] PHP Warning:  Undefined array key "slug" in C:\laragon\www\project1\wp-content\themes\bluehost-blueprint\template-parts\vehicle-single.php on line 4
[19-Nov-2025 07:36:34 UTC] PHP Deprecated:  preg_match(): Passing null to parameter #2 ($subject) of type string is deprecated in C:\laragon\www\project1\wp-includes\formatting.php on line 1596
[19-Nov-2025 07:36:34 UTC] PHP Deprecated:  strip_tags(): Passing null to parameter #1 ($string) of type string is deprecated in C:\laragon\www\project1\wp-includes\formatting.php on line 2272
[19-Nov-2025 07:36:34 UTC] PHP Warning:  Undefined array key "slug" in C:\laragon\www\project1\wp-content\themes\bluehost-blueprint\template-parts\vehicle-single.php on line 4
[19-Nov-2025 07:36:34 UTC] PHP Deprecated:  preg_match(): Passing null to parameter #2 ($subject) of type string is deprecated in C:\laragon\www\project1\wp-includes\formatting.php on line 1596
[19-Nov-2025 07:36:34 UTC] PHP Deprecated:  strip_tags(): Passing null to parameter #1 ($string) of type string is deprecated in C:\laragon\www\project1\wp-includes\formatting.php on line 2272
[19-Nov-2025 07:36:34 UTC] PHP Warning:  Undefined array key "slug" in C:\laragon\www\project1\wp-content\themes\bluehost-blueprint\template-parts\vehicle-single.php on line 4
[19-Nov-2025 07:36:34 UTC] PHP Deprecated:  preg_match(): Passing null to parameter #2 ($subject) of type string is deprecated in C:\laragon\www\project1\wp-includes\formatting.php on line 1596
[19-Nov-2025 07:36:34 UTC] PHP Deprecated:  strip_tags(): Passing null to parameter #1 ($string) of type string is deprecated in C:\laragon\www\project1\wp-includes\formatting.php on line 2272
[19-Nov-2025 07:37:11 UTC] PHP Warning:  Undefined array key "slug" in C:\laragon\www\project1\wp-content\themes\bluehost-blueprint\template-parts\vehicle-single.php on line 4
[19-Nov-2025 07:37:11 UTC] PHP Deprecated:  preg_match(): Passing null to parameter #2 ($subject) of type string is deprecated in C:\laragon\www\project1\wp-includes\formatting.php on line 1596
[19-Nov-2025 07:37:11 UTC] PHP Deprecated:  strip_tags(): Passing null to parameter #1 ($string) of type string is deprecated in C:\laragon\www\project1\wp-includes\formatting.php on line 2272
[19-Nov-2025 07:37:16 UTC] PHP Warning:  Undefined array key "slug" in C:\laragon\www\project1\wp-content\themes\bluehost-blueprint\template-parts\vehicle-single.php on line 4
[19-Nov-2025 07:37:16 UTC] PHP Deprecated:  preg_match(): Passing null to parameter #2 ($subject) of type string is deprecated in C:\laragon\www\project1\wp-includes\formatting.php on line 1596
[19-Nov-2025 07:37:16 UTC] PHP Deprecated:  strip_tags(): Passing null to parameter #1 ($string) of type string is deprecated in C:\laragon\www\project1\wp-includes\formatting.php on line 2272
[19-Nov-2025 07:37:16 UTC] PHP Warning:  Undefined array key "slug" in C:\laragon\www\project1\wp-content\themes\bluehost-blueprint\template-parts\vehicle-single.php on line 4
[19-Nov-2025 07:37:16 UTC] PHP Deprecated:  preg_match(): Passing null to parameter #2 ($subject) of type string is deprecated in C:\laragon\www\project1\wp-includes\formatting.php on line 1596
[19-Nov-2025 07:37:16 UTC] PHP Deprecated:  strip_tags(): Passing null to parameter #1 ($string) of type string is deprecated in C:\laragon\www\project1\wp-includes\formatting.php on line 2272
[19-Nov-2025 07:37:17 UTC] PHP Warning:  Undefined array key "slug" in C:\laragon\www\project1\wp-content\themes\bluehost-blueprint\template-parts\vehicle-single.php on line 4
[19-Nov-2025 07:37:17 UTC] PHP Deprecated:  preg_match(): Passing null to parameter #2 ($subject) of type string is deprecated in C:\laragon\www\project1\wp-includes\formatting.php on line 1596
[19-Nov-2025 07:37:17 UTC] PHP Deprecated:  strip_tags(): Passing null to parameter #1 ($string) of type string is deprecated in C:\laragon\www\project1\wp-includes\formatting.php on line 2272
[19-Nov-2025 07:37:37 UTC] PHP Warning:  Undefined array key "slug" in C:\laragon\www\project1\wp-content\themes\bluehost-blueprint\template-parts\vehicle-single.php on line 4
[19-Nov-2025 07:37:37 UTC] PHP Deprecated:  preg_match(): Passing null to parameter #2 ($subject) of type string is deprecated in C:\laragon\www\project1\wp-includes\formatting.php on line 1596
[19-Nov-2025 07:37:37 UTC] PHP Deprecated:  strip_tags(): Passing null to parameter #1 ($string) of type string is deprecated in C:\laragon\www\project1\wp-includes\formatting.php on line 2272
[19-Nov-2025 07:37:37 UTC] PHP Warning:  Undefined array key "slug" in C:\laragon\www\project1\wp-content\themes\bluehost-blueprint\template-parts\vehicle-single.php on line 4
[19-Nov-2025 07:37:37 UTC] PHP Deprecated:  preg_match(): Passing null to parameter #2 ($subject) of type string is deprecated in C:\laragon\www\project1\wp-includes\formatting.php on line 1596
[19-Nov-2025 07:37:37 UTC] PHP Deprecated:  strip_tags(): Passing null to parameter #1 ($string) of type string is deprecated in C:\laragon\www\project1\wp-includes\formatting.php on line 2272
[19-Nov-2025 07:37:38 UTC] PHP Warning:  Undefined array key "slug" in C:\laragon\www\project1\wp-content\themes\bluehost-blueprint\template-parts\vehicle-single.php on line 4
[19-Nov-2025 07:37:38 UTC] PHP Deprecated:  preg_match(): Passing null to parameter #2 ($subject) of type string is deprecated in C:\laragon\www\project1\wp-includes\formatting.php on line 1596
[19-Nov-2025 07:37:38 UTC] PHP Deprecated:  strip_tags(): Passing null to parameter #1 ($string) of type string is deprecated in C:\laragon\www\project1\wp-includes\formatting.php on line 2272
[19-Nov-2025 07:37:42 UTC] PHP Warning:  Undefined array key "slug" in C:\laragon\www\project1\wp-content\themes\bluehost-blueprint\template-parts\vehicle-single.php on line 4
[19-Nov-2025 07:37:42 UTC] PHP Deprecated:  preg_match(): Passing null to parameter #2 ($subject) of type string is deprecated in C:\laragon\www\project1\wp-includes\formatting.php on line 1596
[19-Nov-2025 07:37:42 UTC] PHP Deprecated:  strip_tags(): Passing null to parameter #1 ($string) of type string is deprecated in C:\laragon\www\project1\wp-includes\formatting.php on line 2272
[19-Nov-2025 07:37:42 UTC] PHP Warning:  Undefined array key "slug" in C:\laragon\www\project1\wp-content\themes\bluehost-blueprint\template-parts\vehicle-single.php on line 4
[19-Nov-2025 07:37:42 UTC] PHP Deprecated:  preg_match(): Passing null to parameter #2 ($subject) of type string is deprecated in C:\laragon\www\project1\wp-includes\formatting.php on line 1596
[19-Nov-2025 07:37:42 UTC] PHP Deprecated:  strip_tags(): Passing null to parameter #1 ($string) of type string is deprecated in C:\laragon\www\project1\wp-includes\formatting.php on line 2272
[19-Nov-2025 07:37:43 UTC] PHP Warning:  Undefined array key "slug" in C:\laragon\www\project1\wp-content\themes\bluehost-blueprint\template-parts\vehicle-single.php on line 4
[19-Nov-2025 07:37:43 UTC] PHP Deprecated:  preg_match(): Passing null to parameter #2 ($subject) of type string is deprecated in C:\laragon\www\project1\wp-includes\formatting.php on line 1596
[19-Nov-2025 07:37:43 UTC] PHP Deprecated:  strip_tags(): Passing null to parameter #1 ($string) of type string is deprecated in C:\laragon\www\project1\wp-includes\formatting.php on line 2272
[19-Nov-2025 07:38:11 UTC] PHP Warning:  Undefined array key "slug" in C:\laragon\www\project1\wp-content\themes\bluehost-blueprint\template-parts\vehicle-single.php on line 4
[19-Nov-2025 07:38:11 UTC] PHP Deprecated:  preg_match(): Passing null to parameter #2 ($subject) of type string is deprecated in C:\laragon\www\project1\wp-includes\formatting.php on line 1596
[19-Nov-2025 07:38:11 UTC] PHP Deprecated:  strip_tags(): Passing null to parameter #1 ($string) of type string is deprecated in C:\laragon\www\project1\wp-includes\formatting.php on line 2272
[19-Nov-2025 07:39:11 UTC] PHP Warning:  Undefined array key "slug" in C:\laragon\www\project1\wp-content\themes\bluehost-blueprint\template-parts\vehicle-single.php on line 4
[19-Nov-2025 07:39:11 UTC] PHP Deprecated:  preg_match(): Passing null to parameter #2 ($subject) of type string is deprecated in C:\laragon\www\project1\wp-includes\formatting.php on line 1596
[19-Nov-2025 07:39:11 UTC] PHP Deprecated:  strip_tags(): Passing null to parameter #1 ($string) of type string is deprecated in C:\laragon\www\project1\wp-includes\formatting.php on line 2272
[19-Nov-2025 07:39:11 UTC] PHP Warning:  Undefined array key "slug" in C:\laragon\www\project1\wp-content\themes\bluehost-blueprint\template-parts\vehicle-single.php on line 4
[19-Nov-2025 07:39:11 UTC] PHP Deprecated:  preg_match(): Passing null to parameter #2 ($subject) of type string is deprecated in C:\laragon\www\project1\wp-includes\formatting.php on line 1596
[19-Nov-2025 07:39:11 UTC] PHP Deprecated:  strip_tags(): Passing null to parameter #1 ($string) of type string is deprecated in C:\laragon\www\project1\wp-includes\formatting.php on line 2272
[19-Nov-2025 07:39:11 UTC] PHP Warning:  Undefined array key "slug" in C:\laragon\www\project1\wp-content\themes\bluehost-blueprint\template-parts\vehicle-single.php on line 4
[19-Nov-2025 07:39:11 UTC] PHP Deprecated:  preg_match(): Passing null to parameter #2 ($subject) of type string is deprecated in C:\laragon\www\project1\wp-includes\formatting.php on line 1596
[19-Nov-2025 07:39:11 UTC] PHP Deprecated:  strip_tags(): Passing null to parameter #1 ($string) of type string is deprecated in C:\laragon\www\project1\wp-includes\formatting.php on line 2272
[19-Nov-2025 07:39:15 UTC] PHP Warning:  Undefined array key "slug" in C:\laragon\www\project1\wp-content\themes\bluehost-blueprint\template-parts\vehicle-single.php on line 4
[19-Nov-2025 07:39:15 UTC] PHP Deprecated:  preg_match(): Passing null to parameter #2 ($subject) of type string is deprecated in C:\laragon\www\project1\wp-includes\formatting.php on line 1596
[19-Nov-2025 07:39:15 UTC] PHP Deprecated:  strip_tags(): Passing null to parameter #1 ($string) of type string is deprecated in C:\laragon\www\project1\wp-includes\formatting.php on line 2272
[19-Nov-2025 07:39:40 UTC] PHP Warning:  Undefined array key "slug" in C:\laragon\www\project1\wp-content\themes\bluehost-blueprint\template-parts\vehicle-single.php on line 4
[19-Nov-2025 07:39:41 UTC] PHP Deprecated:  preg_match(): Passing null to parameter #2 ($subject) of type string is deprecated in C:\laragon\www\project1\wp-includes\formatting.php on line 1596
[19-Nov-2025 07:39:41 UTC] PHP Deprecated:  strip_tags(): Passing null to parameter #1 ($string) of type string is deprecated in C:\laragon\www\project1\wp-includes\formatting.php on line 2272
[19-Nov-2025 07:39:41 UTC] PHP Warning:  Undefined array key "slug" in C:\laragon\www\project1\wp-content\themes\bluehost-blueprint\template-parts\vehicle-single.php on line 4
[19-Nov-2025 07:39:41 UTC] PHP Deprecated:  preg_match(): Passing null to parameter #2 ($subject) of type string is deprecated in C:\laragon\www\project1\wp-includes\formatting.php on line 1596
[19-Nov-2025 07:39:41 UTC] PHP Deprecated:  strip_tags(): Passing null to parameter #1 ($string) of type string is deprecated in C:\laragon\www\project1\wp-includes\formatting.php on line 2272
[19-Nov-2025 07:39:41 UTC] PHP Warning:  Undefined array key "slug" in C:\laragon\www\project1\wp-content\themes\bluehost-blueprint\template-parts\vehicle-single.php on line 4
[19-Nov-2025 07:39:41 UTC] PHP Deprecated:  preg_match(): Passing null to parameter #2 ($subject) of type string is deprecated in C:\laragon\www\project1\wp-includes\formatting.php on line 1596
[19-Nov-2025 07:39:41 UTC] PHP Deprecated:  strip_tags(): Passing null to parameter #1 ($string) of type string is deprecated in C:\laragon\www\project1\wp-includes\formatting.php on line 2272
[19-Nov-2025 07:39:55 UTC] PHP Warning:  Undefined array key "slug" in C:\laragon\www\project1\wp-content\themes\bluehost-blueprint\template-parts\vehicle-single.php on line 4
[19-Nov-2025 07:39:55 UTC] PHP Deprecated:  preg_match(): Passing null to parameter #2 ($subject) of type string is deprecated in C:\laragon\www\project1\wp-includes\formatting.php on line 1596
[19-Nov-2025 07:39:55 UTC] PHP Deprecated:  strip_tags(): Passing null to parameter #1 ($string) of type string is deprecated in C:\laragon\www\project1\wp-includes\formatting.php on line 2272
[19-Nov-2025 07:39:55 UTC] PHP Warning:  Undefined array key "slug" in C:\laragon\www\project1\wp-content\themes\bluehost-blueprint\template-parts\vehicle-single.php on line 4
[19-Nov-2025 07:39:55 UTC] PHP Deprecated:  preg_match(): Passing null to parameter #2 ($subject) of type string is deprecated in C:\laragon\www\project1\wp-includes\formatting.php on line 1596
[19-Nov-2025 07:39:55 UTC] PHP Deprecated:  strip_tags(): Passing null to parameter #1 ($string) of type string is deprecated in C:\laragon\www\project1\wp-includes\formatting.php on line 2272
[19-Nov-2025 07:39:56 UTC] PHP Warning:  Undefined array key "slug" in C:\laragon\www\project1\wp-content\themes\bluehost-blueprint\template-parts\vehicle-single.php on line 4
[19-Nov-2025 07:39:56 UTC] PHP Deprecated:  preg_match(): Passing null to parameter #2 ($subject) of type string is deprecated in C:\laragon\www\project1\wp-includes\formatting.php on line 1596
[19-Nov-2025 07:39:56 UTC] PHP Deprecated:  strip_tags(): Passing null to parameter #1 ($string) of type string is deprecated in C:\laragon\www\project1\wp-includes\formatting.php on line 2272
[19-Nov-2025 07:44:02 UTC] PHP Warning:  Undefined array key "slug" in C:\laragon\www\project1\wp-content\themes\bluehost-blueprint\template-parts\vehicle-single.php on line 4
[19-Nov-2025 07:44:02 UTC] PHP Deprecated:  preg_match(): Passing null to parameter #2 ($subject) of type string is deprecated in C:\laragon\www\project1\wp-includes\formatting.php on line 1596
[19-Nov-2025 07:44:02 UTC] PHP Deprecated:  strip_tags(): Passing null to parameter #1 ($string) of type string is deprecated in C:\laragon\www\project1\wp-includes\formatting.php on line 2272
[19-Nov-2025 07:46:54 UTC] PHP Warning:  Undefined array key "slug" in C:\laragon\www\project1\wp-content\themes\bluehost-blueprint\template-parts\vehicle-single.php on line 4
[19-Nov-2025 07:46:54 UTC] PHP Deprecated:  preg_match(): Passing null to parameter #2 ($subject) of type string is deprecated in C:\laragon\www\project1\wp-includes\formatting.php on line 1596
[19-Nov-2025 07:46:54 UTC] PHP Deprecated:  strip_tags(): Passing null to parameter #1 ($string) of type string is deprecated in C:\laragon\www\project1\wp-includes\formatting.php on line 2272
[19-Nov-2025 07:51:03 UTC] PHP Parse error:  Unclosed '{' on line 37 in C:\laragon\www\project1\wp-content\themes\bluehost-blueprint\template-parts\vehicle-list.php on line 154
[19-Nov-2025 07:51:16 UTC] PHP Parse error:  syntax error, unexpected end of file, expecting "elseif" or "else" or "endif" in C:\laragon\www\project1\wp-content\themes\bluehost-blueprint\template-parts\vehicle-list.php on line 154
[19-Nov-2025 08:11:13 UTC] PHP Warning:  Undefined variable $brands in C:\laragon\www\project1\wp-content\themes\bluehost-blueprint\template-parts\vehicle-list.php on line 64
[19-Nov-2025 08:11:13 UTC] PHP Warning:  foreach() argument must be of type array|object, null given in C:\laragon\www\project1\wp-content\themes\bluehost-blueprint\template-parts\vehicle-list.php on line 64
[19-Nov-2025 08:14:35 UTC] PHP Warning:  Undefined variable $brands in C:\laragon\www\project1\wp-content\themes\bluehost-blueprint\template-parts\vehicle-list.php on line 64
[19-Nov-2025 08:14:35 UTC] PHP Warning:  foreach() argument must be of type array|object, null given in C:\laragon\www\project1\wp-content\themes\bluehost-blueprint\template-parts\vehicle-list.php on line 64
[19-Nov-2025 08:14:38 UTC] PHP Warning:  Undefined variable $brands in C:\laragon\www\project1\wp-content\themes\bluehost-blueprint\template-parts\vehicle-list.php on line 64
[19-Nov-2025 08:14:38 UTC] PHP Warning:  foreach() argument must be of type array|object, null given in C:\laragon\www\project1\wp-content\themes\bluehost-blueprint\template-parts\vehicle-list.php on line 64
[19-Nov-2025 08:14:41 UTC] PHP Warning:  Undefined variable $brands in C:\laragon\www\project1\wp-content\themes\bluehost-blueprint\template-parts\vehicle-list.php on line 64
[19-Nov-2025 08:14:41 UTC] PHP Warning:  foreach() argument must be of type array|object, null given in C:\laragon\www\project1\wp-content\themes\bluehost-blueprint\template-parts\vehicle-list.php on line 64
[19-Nov-2025 08:14:49 UTC] PHP Warning:  Undefined variable $current_brand in C:\laragon\www\project1\wp-content\themes\bluehost-blueprint\template-parts\vehicle-list.php on line 70
[19-Nov-2025 08:14:49 UTC] PHP Warning:  Undefined variable $current_brand in C:\laragon\www\project1\wp-content\themes\bluehost-blueprint\template-parts\vehicle-list.php on line 70
[19-Nov-2025 08:14:49 UTC] PHP Warning:  Undefined variable $current_brand in C:\laragon\www\project1\wp-content\themes\bluehost-blueprint\template-parts\vehicle-list.php on line 70
[19-Nov-2025 08:14:49 UTC] PHP Warning:  Undefined variable $current_brand in C:\laragon\www\project1\wp-content\themes\bluehost-blueprint\template-parts\vehicle-list.php on line 70
[19-Nov-2025 08:25:30 UTC] PHP Fatal error:  Uncaught Error: Object of class WP_Term could not be converted to string in C:\laragon\www\project1\wp-includes\general-template.php:5311
Stack trace:
#0 C:\laragon\www\project1\wp-includes\general-template.php(5247): __checked_selected_helper('', Object(WP_Term), true, 'selected')
#1 C:\laragon\www\project1\wp-content\themes\bluehost-blueprint\template-parts\vehicle-list.php(89): selected('', Object(WP_Term))
#2 C:\laragon\www\project1\wp-includes\template.php(812): require('C:\\laragon\\www\\...')
#3 C:\laragon\www\project1\wp-includes\template.php(745): load_template('C:\\laragon\\www\\...', false, Array)
#4 C:\laragon\www\project1\wp-includes\general-template.php(206): locate_template(Array, true, false, Array)
#5 C:\laragon\www\project1\wp-content\themes\bluehost-blueprint\functions.php(35): get_template_part('template-parts/...', 'list')
#6 C:\laragon\www\project1\wp-includes\shortcodes.php(434): vehicle_list_shortcode(Array, '', 'vehicle_list')
#7 [internal function]: do_shortcode_tag(Array)
#8 C:\laragon\www\project1\wp-includes\shortcodes.php(273): preg_replace_callback('/\\[(\\[?)(vehicl...', 'do_shortcode_ta...', '[vehicle_list]\n...')
#9 C:\laragon\www\project1\wp-includes\class-wp-hook.php(324): do_shortcode('[vehicle_list]\n...')
#10 C:\laragon\www\project1\wp-includes\plugin.php(205): WP_Hook->apply_filters('[vehicle_list]\n...', Array)
#11 C:\laragon\www\project1\wp-includes\blocks\post-content.php(50): apply_filters('the_content', '<!-- wp:shortco...')
#12 C:\laragon\www\project1\wp-includes\class-wp-block.php(586): render_block_core_post_content(Array, '<!-- wp:shortco...', Object(WP_Block))
#13 C:\laragon\www\project1\wp-includes\blocks.php(2359): WP_Block->render()
#14 C:\laragon\www\project1\wp-includes\blocks.php(2431): render_block(Array)
#15 C:\laragon\www\project1\wp-includes\block-template.php(291): do_blocks('<!-- wp:templat...')
#16 C:\laragon\www\project1\wp-includes\template-canvas.php(12): get_the_block_template_html()
#17 C:\laragon\www\project1\wp-includes\template-loader.php(106): include('C:\\laragon\\www\\...')
#18 C:\laragon\www\project1\wp-blog-header.php(19): require_once('C:\\laragon\\www\\...')
#19 C:\laragon\www\project1\index.php(17): require('C:\\laragon\\www\\...')
#20 {main}
  thrown in C:\laragon\www\project1\wp-includes\general-template.php on line 5311
[19-Nov-2025 08:26:27 UTC] PHP Fatal error:  Uncaught Error: Object of class WP_Term could not be converted to string in C:\laragon\www\project1\wp-includes\general-template.php:5311
Stack trace:
#0 C:\laragon\www\project1\wp-includes\general-template.php(5247): __checked_selected_helper('', Object(WP_Term), true, 'selected')
#1 C:\laragon\www\project1\wp-content\themes\bluehost-blueprint\template-parts\vehicle-list.php(98): selected('', Object(WP_Term))
#2 C:\laragon\www\project1\wp-includes\template.php(812): require('C:\\laragon\\www\\...')
#3 C:\laragon\www\project1\wp-includes\template.php(745): load_template('C:\\laragon\\www\\...', false, Array)
#4 C:\laragon\www\project1\wp-includes\general-template.php(206): locate_template(Array, true, false, Array)
#5 C:\laragon\www\project1\wp-content\themes\bluehost-blueprint\functions.php(35): get_template_part('template-parts/...', 'list')
#6 C:\laragon\www\project1\wp-includes\shortcodes.php(434): vehicle_list_shortcode(Array, '', 'vehicle_list')
#7 [internal function]: do_shortcode_tag(Array)
#8 C:\laragon\www\project1\wp-includes\shortcodes.php(273): preg_replace_callback('/\\[(\\[?)(vehicl...', 'do_shortcode_ta...', '[vehicle_list]\n...')
#9 C:\laragon\www\project1\wp-includes\class-wp-hook.php(324): do_shortcode('[vehicle_list]\n...')
#10 C:\laragon\www\project1\wp-includes\plugin.php(205): WP_Hook->apply_filters('[vehicle_list]\n...', Array)
#11 C:\laragon\www\project1\wp-includes\blocks\post-content.php(50): apply_filters('the_content', '<!-- wp:shortco...')
#12 C:\laragon\www\project1\wp-includes\class-wp-block.php(586): render_block_core_post_content(Array, '<!-- wp:shortco...', Object(WP_Block))
#13 C:\laragon\www\project1\wp-includes\blocks.php(2359): WP_Block->render()
#14 C:\laragon\www\project1\wp-includes\blocks.php(2431): render_block(Array)
#15 C:\laragon\www\project1\wp-includes\block-template.php(291): do_blocks('<!-- wp:templat...')
#16 C:\laragon\www\project1\wp-includes\template-canvas.php(12): get_the_block_template_html()
#17 C:\laragon\www\project1\wp-includes\template-loader.php(106): include('C:\\laragon\\www\\...')
#18 C:\laragon\www\project1\wp-blog-header.php(19): require_once('C:\\laragon\\www\\...')
#19 C:\laragon\www\project1\index.php(17): require('C:\\laragon\\www\\...')
#20 {main}
  thrown in C:\laragon\www\project1\wp-includes\general-template.php on line 5311
[19-Nov-2025 08:34:19 UTC] PHP Warning:  Undefined array key 0 in C:\laragon\www\project1\wp-content\themes\bluehost-blueprint\template-parts\vehicle-list.php on line 127
[19-Nov-2025 08:34:32 UTC] PHP Warning:  Undefined array key 0 in C:\laragon\www\project1\wp-content\themes\bluehost-blueprint\template-parts\vehicle-list.php on line 127
[19-Nov-2025 08:37:35 UTC] PHP Warning:  Undefined array key "slug" in C:\laragon\www\project1\wp-content\themes\bluehost-blueprint\template-parts\vehicle-single.php on line 4
[19-Nov-2025 08:37:35 UTC] PHP Deprecated:  preg_match(): Passing null to parameter #2 ($subject) of type string is deprecated in C:\laragon\www\project1\wp-includes\formatting.php on line 1596
[19-Nov-2025 08:37:35 UTC] PHP Deprecated:  strip_tags(): Passing null to parameter #1 ($string) of type string is deprecated in C:\laragon\www\project1\wp-includes\formatting.php on line 2272
